4-9-2024 20:06:23 - debug: =================================== build Task (windows) Start ================================
4-9-2024 20:06:23 - debug: Start build task, options:{"name":"NewProject_1","server":"","platform":"windows","buildPath":"project://build","debug":false,"md5Cache":false,"skipCompressTexture":false,"sourceMaps":false,"polyfills":{"asyncFunctions":false},"experimentalEraseModules":false,"startSceneAssetBundle":false,"bundleConfigs":[],"useBuiltinServer":false,"mainBundleIsRemote":false,"mainBundleCompressionType":"merge_dep","useSplashScreen":true,"bundleCommonChunk":false,"packAutoAtlas":true,"startScene":"fa890cbe-86c0-4e5a-ae6f-48886d1d3666","outputName":"windows","taskName":"windows","scenes":[{"url":"db://assets/Scenes/scene.scene","uuid":"fa890cbe-86c0-4e5a-ae6f-48886d1d3666"}],"buildMode":"normal","packages":{"windows":{"executableName":"","renderBackEnd":{"vulkan":false,"gles3":true,"gles2":true},"targetPlatform":"x64","__version__":"1.0.1","vsData":""},"engine":{"cleanupImageCache":"inheritProjectSetting","__version__":"1.0.8"},"cocos-service":{"configID":"39fa43","services":[]},"native":{"encrypted":false,"xxteaKey":"63lAx5SN9Ci4oy3q","compressZip":false,"JobSystem":"none","__version__":"1.0.2"}},"__version__":"1.3.7","logDest":"project://temp/builder/log/windows9-4-2024 20-06.log"}
4-9-2024 20:06:23 - debug: Build with Cocos Creator 3.8.2
4-9-2024 20:06:23 - debug: native:(onBeforeBuild) start..., progress: 0%
4-9-2024 20:06:23 - debug: // ---- build task native：onBeforeBuild ----
4-9-2024 20:06:23 - debug: // ---- build task native：onBeforeBuild ---- (19ms)
4-9-2024 20:06:23 - debug: native:(onBeforeBuild) in 19 ms ✓, progress: 2%
4-9-2024 20:06:23 - debug: cocos-service:(onBeforeBuild) start..., progress: 2%
4-9-2024 20:06:23 - debug: // ---- build task cocos-service：onBeforeBuild ----
4-9-2024 20:06:24 - debug: // ---- build task cocos-service：onBeforeBuild ---- (334ms)
4-9-2024 20:06:24 - debug: cocos-service:(onBeforeBuild) in 334 ms ✓, progress: 4%
4-9-2024 20:06:24 - debug: scene:(onBeforeBuild) start..., progress: 4%
4-9-2024 20:06:24 - debug: // ---- build task scene：onBeforeBuild ----
4-9-2024 20:06:24 - debug: // ---- build task scene：onBeforeBuild ---- (60ms)
4-9-2024 20:06:24 - debug: scene:(onBeforeBuild) in 60 ms ✓, progress: 7%
4-9-2024 20:06:24 - debug: Start lock asset db..., progress: 7%
4-9-2024 20:06:24 - log: Asset DB is paused with build!
4-9-2024 20:06:24 - debug: Query all assets info in project
4-9-2024 20:06:24 - debug: init custom config: keepNodeUuid: false, useCache: true
4-9-2024 20:06:24 - debug:   Number of all scenes: 1
4-9-2024 20:06:24 - debug:   Number of all scripts: 8
4-9-2024 20:06:24 - debug:   Number of other assets: 355
4-9-2024 20:06:24 - debug: native:(onAfterInit) start..., progress: 7%
4-9-2024 20:06:24 - debug: // ---- build task native：onAfterInit ----
4-9-2024 20:06:25 - debug: Native engine root:C:\ProgramData\cocos\editors\Creator\3.8.2\resources\resources\3d\engine\native
4-9-2024 20:06:25 - debug: // ---- build task native：onAfterInit ---- (569ms)
4-9-2024 20:06:25 - debug: native:(onAfterInit) in 569 ms ✓, progress: 9%
4-9-2024 20:06:25 - debug: windows:(onAfterInit) start..., progress: 9%
4-9-2024 20:06:25 - debug: // ---- build task windows：onAfterInit ----
4-9-2024 20:06:25 - debug: // ---- build task windows：onAfterInit ---- (43ms)
4-9-2024 20:06:25 - debug: windows:(onAfterInit) in 43 ms ✓, progress: 11%
4-9-2024 20:06:25 - debug: cocos-service:(onAfterInit) start..., progress: 11%
4-9-2024 20:06:25 - debug: // ---- build task cocos-service：onAfterInit ----
4-9-2024 20:06:25 - debug: // ---- build task cocos-service：onAfterInit ---- (290ms)
4-9-2024 20:06:25 - debug: cocos-service:(onAfterInit) in 290 ms ✓, progress: 13%
4-9-2024 20:06:25 - debug: engine:(onAfterInit) start..., progress: 13%
4-9-2024 20:06:25 - debug: // ---- build task engine：onAfterInit ----
4-9-2024 20:06:25 - debug: // ---- build task engine：onAfterInit ---- (53ms)
4-9-2024 20:06:25 - debug: engine:(onAfterInit) in 53 ms ✓, progress: 16%
4-9-2024 20:06:25 - debug: adsense-h5g-plugin:(onBeforeBundleInit) start..., progress: 16%
4-9-2024 20:06:25 - debug: // ---- build task adsense-h5g-plugin：onBeforeBundleInit ----
4-9-2024 20:06:25 - debug: [adsense-h5g-plugin] remove script success
4-9-2024 20:06:25 - debug: // ---- build task adsense-h5g-plugin：onBeforeBundleInit ---- (62ms)
4-9-2024 20:06:25 - debug: adsense-h5g-plugin:(onBeforeBundleInit) in 62 ms ✓, progress: 16%
4-9-2024 20:06:25 - debug: Init all bundles start..., progress: 16%
4-9-2024 20:06:25 - debug: Num of bundles: 2..., progress: 16%
4-9-2024 20:06:25 - debug: reload all scripts.
4-9-2024 20:06:25 - debug: Set detail map pack:///resolution-detail-map.json: {}
4-9-2024 20:06:25 - groupCollapsed: Invalidate all modules
4-9-2024 20:06:25 - debug: C:\Users\DELL\NewProject_1\temp\programming\packer-driver\targets\editor\chunks\93\93ba276ea7b26ffcdc433fab14afc1ed6f05647b.js resolved to C:\Users\DELL\NewProject_1\temp\programming\packer-driver\targets\editor\chunks\93\93ba276ea7b26ffcdc433fab14afc1ed6f05647b.js is not in module cache!
4-9-2024 20:06:25 - debug: [[Executor]] Module "cce:/internal/x/cc-fu/base" loaded.
4-9-2024 20:06:25 - debug: [[Executor]] Module "cce:/internal/x/cc-fu/gfx-webgl" loaded.
4-9-2024 20:06:25 - debug: [[Executor]] Module "cce:/internal/x/cc-fu/gfx-webgl2" loaded.
4-9-2024 20:06:25 - debug: [[Executor]] Module "cce:/internal/x/cc-fu/gfx-empty" loaded.
4-9-2024 20:06:25 - debug: [[Executor]] Module "cce:/internal/x/cc-fu/3d" loaded.
4-9-2024 20:06:25 - debug: [[Executor]] Module "cce:/internal/x/cc-fu/animation" loaded.
4-9-2024 20:06:25 - debug: [[Executor]] Module "cce:/internal/x/cc-fu/skeletal-animation" loaded.
4-9-2024 20:06:25 - debug: [[Executor]] Module "cce:/internal/x/cc-fu/2d" loaded.
4-9-2024 20:06:25 - debug: [[Executor]] Module "cce:/internal/x/cc-fu/sorting" loaded.
4-9-2024 20:06:25 - debug: [[Executor]] Module "cce:/internal/x/cc-fu/ui" loaded.
4-9-2024 20:06:25 - debug: [[Executor]] Module "cce:/internal/x/cc-fu/particle" loaded.
4-9-2024 20:06:25 - debug: [[Executor]] Module "cce:/internal/x/cc-fu/particle-2d" loaded.
4-9-2024 20:06:25 - debug: [[Executor]] Module "cce:/internal/x/cc-fu/physics-framework" loaded.
4-9-2024 20:06:25 - debug: [[Executor]] Module "cce:/internal/x/cc-fu/physics-2d-framework" loaded.
4-9-2024 20:06:25 - debug: [[Executor]] Module "cce:/internal/x/cc-fu/physics-2d-box2d-wasm" loaded.
4-9-2024 20:06:25 - debug: [[Executor]] Module "cce:/internal/x/cc-fu/intersection-2d" loaded.
4-9-2024 20:06:25 - debug: [[Executor]] Module "cce:/internal/x/cc-fu/primitive" loaded.
4-9-2024 20:06:25 - debug: [[Executor]] Module "cce:/internal/x/cc-fu/profiler" loaded.
4-9-2024 20:06:25 - debug: [[Executor]] Module "cce:/internal/x/cc-fu/geometry-renderer" loaded.
4-9-2024 20:06:25 - debug: [[Executor]] Module "cce:/internal/x/cc-fu/audio" loaded.
4-9-2024 20:06:25 - debug: [[Executor]] Module "cce:/internal/x/cc-fu/video" loaded.
4-9-2024 20:06:25 - debug: [[Executor]] Module "cce:/internal/x/cc-fu/xr" loaded.
4-9-2024 20:06:25 - debug: [[Executor]] Module "cce:/internal/x/cc-fu/light-probe" loaded.
4-9-2024 20:06:25 - debug: [[Executor]] Module "cce:/internal/x/cc-fu/terrain" loaded.
4-9-2024 20:06:25 - debug: [[Executor]] Module "cce:/internal/x/cc-fu/webview" loaded.
4-9-2024 20:06:25 - debug: [[Executor]] Module "cce:/internal/x/cc-fu/tween" loaded.
4-9-2024 20:06:25 - debug: [[Executor]] Module "cce:/internal/x/cc-fu/tiled-map" loaded.
4-9-2024 20:06:25 - debug: [[Executor]] Module "cce:/internal/x/cc-fu/spine" loaded.
4-9-2024 20:06:25 - debug: [[Executor]] Module "cce:/internal/x/cc-fu/dragon-bones" loaded.
4-9-2024 20:06:25 - debug: [[Executor]] Module "cce:/internal/x/cc-fu/custom-pipeline" loaded.
4-9-2024 20:06:25 - debug: [[Executor]] Module "cce:/internal/x/cc-fu/base" loaded.
4-9-2024 20:06:25 - debug: [[Executor]] Module "cce:/internal/x/cc-fu/gfx-webgl" loaded.
4-9-2024 20:06:25 - debug: [[Executor]] Module "cce:/internal/x/cc-fu/gfx-webgl2" loaded.
4-9-2024 20:06:25 - debug: [[Executor]] Module "cce:/internal/x/cc-fu/gfx-empty" loaded.
4-9-2024 20:06:25 - debug: [[Executor]] Module "cce:/internal/x/cc-fu/3d" loaded.
4-9-2024 20:06:25 - debug: [[Executor]] Module "cce:/internal/x/cc-fu/animation" loaded.
4-9-2024 20:06:25 - debug: [[Executor]] Module "cce:/internal/x/cc-fu/skeletal-animation" loaded.
4-9-2024 20:06:25 - debug: [[Executor]] Module "cce:/internal/x/cc-fu/2d" loaded.
4-9-2024 20:06:25 - debug: [[Executor]] Module "cce:/internal/x/cc-fu/sorting" loaded.
4-9-2024 20:06:25 - debug: [[Executor]] Module "cce:/internal/x/cc-fu/ui" loaded.
4-9-2024 20:06:25 - debug: [[Executor]] Module "cce:/internal/x/cc-fu/particle" loaded.
4-9-2024 20:06:25 - debug: [[Executor]] Module "cce:/internal/x/cc-fu/particle-2d" loaded.
4-9-2024 20:06:25 - debug: [[Executor]] Module "cce:/internal/x/cc-fu/physics-framework" loaded.
4-9-2024 20:06:25 - debug: [[Executor]] Module "cce:/internal/x/cc-fu/physics-2d-framework" loaded.
4-9-2024 20:06:25 - debug: [[Executor]] Module "cce:/internal/x/cc-fu/physics-2d-box2d-wasm" loaded.
4-9-2024 20:06:25 - debug: [[Executor]] Module "cce:/internal/x/cc-fu/intersection-2d" loaded.
4-9-2024 20:06:25 - debug: [[Executor]] Module "cce:/internal/x/cc-fu/primitive" loaded.
4-9-2024 20:06:25 - debug: [[Executor]] Module "cce:/internal/x/cc-fu/profiler" loaded.
4-9-2024 20:06:25 - debug: [[Executor]] Module "cce:/internal/x/cc-fu/geometry-renderer" loaded.
4-9-2024 20:06:25 - debug: [[Executor]] Module "cce:/internal/x/cc-fu/audio" loaded.
4-9-2024 20:06:25 - debug: [[Executor]] Module "cce:/internal/x/cc-fu/video" loaded.
4-9-2024 20:06:25 - debug: [[Executor]] Module "cce:/internal/x/cc-fu/xr" loaded.
4-9-2024 20:06:25 - debug: [[Executor]] Module "cce:/internal/x/cc-fu/light-probe" loaded.
4-9-2024 20:06:25 - debug: [[Executor]] Module "cce:/internal/x/cc-fu/terrain" loaded.
4-9-2024 20:06:25 - debug: [[Executor]] Module "cce:/internal/x/cc-fu/webview" loaded.
4-9-2024 20:06:25 - debug: [[Executor]] Module "cce:/internal/x/cc-fu/tween" loaded.
4-9-2024 20:06:25 - debug: [[Executor]] Module "cce:/internal/x/cc-fu/tiled-map" loaded.
4-9-2024 20:06:25 - debug: [[Executor]] Module "cce:/internal/x/cc-fu/spine" loaded.
4-9-2024 20:06:25 - debug: [[Executor]] Module "cce:/internal/x/cc-fu/dragon-bones" loaded.
4-9-2024 20:06:25 - debug: [[Executor]] Module "cce:/internal/x/cc-fu/custom-pipeline" loaded.
4-9-2024 20:06:25 - debug: [[Executor]] Module "pack:///chunks/93/93ba276ea7b26ffcdc433fab14afc1ed6f05647b.js" loaded.
4-9-2024 20:06:25 - debug: Invalidating 'pack:///chunks/93/93ba276ea7b26ffcdc433fab14afc1ed6f05647b.js'
4-9-2024 20:06:25 - groupEnd: Invalidate all modules
4-9-2024 20:06:25 - groupCollapsed: Imports all modules
4-9-2024 20:06:25 - debug: [[Executor]] Module "pack:///chunks/93/93ba276ea7b26ffcdc433fab14afc1ed6f05647b.js" loaded.
4-9-2024 20:06:25 - debug: C:\Users\DELL\NewProject_1\temp\programming\packer-driver\targets\editor\chunks\6d\6d8fd2b0177941b032ddc0733af48a561fb60657.js resolved to C:\Users\DELL\NewProject_1\temp\programming\packer-driver\targets\editor\chunks\6d\6d8fd2b0177941b032ddc0733af48a561fb60657.js is not in module cache!
4-9-2024 20:06:25 - debug: [[Executor]] Module "pack:///chunks/6d/6d8fd2b0177941b032ddc0733af48a561fb60657.js" loaded.
4-9-2024 20:06:25 - debug: C:\Users\DELL\NewProject_1\temp\programming\packer-driver\targets\editor\chunks\dd\dd8ffe4b66ab421921fe26a7524871e3101b074e.js resolved to C:\Users\DELL\NewProject_1\temp\programming\packer-driver\targets\editor\chunks\dd\dd8ffe4b66ab421921fe26a7524871e3101b074e.js is not in module cache!
4-9-2024 20:06:25 - debug: [[Executor]] Register DebugViewRuntimeControl
4-9-2024 20:06:25 - debug: [[Executor]] Module "pack:///chunks/dd/dd8ffe4b66ab421921fe26a7524871e3101b074e.js" loaded.
4-9-2024 20:06:25 - debug: C:\Users\DELL\NewProject_1\temp\programming\packer-driver\targets\editor\chunks\17\17491505490b2b21f7dc552d1240e955b058cdf0.js resolved to C:\Users\DELL\NewProject_1\temp\programming\packer-driver\targets\editor\chunks\17\17491505490b2b21f7dc552d1240e955b058cdf0.js is not in module cache!
4-9-2024 20:06:25 - debug: [[Executor]] Register Bird
4-9-2024 20:06:25 - debug: [[Executor]] Module "pack:///chunks/17/17491505490b2b21f7dc552d1240e955b058cdf0.js" loaded.
4-9-2024 20:06:25 - debug: C:\Users\DELL\NewProject_1\temp\programming\packer-driver\targets\editor\chunks\8f\8fcc0891d09fa1631c70ddb0e75c6260fe62321f.js resolved to C:\Users\DELL\NewProject_1\temp\programming\packer-driver\targets\editor\chunks\8f\8fcc0891d09fa1631c70ddb0e75c6260fe62321f.js is not in module cache!
4-9-2024 20:06:25 - debug: [[Executor]] Register BirdAudio
4-9-2024 20:06:25 - debug: [[Executor]] Module "pack:///chunks/8f/8fcc0891d09fa1631c70ddb0e75c6260fe62321f.js" loaded.
4-9-2024 20:06:25 - debug: C:\Users\DELL\NewProject_1\temp\programming\packer-driver\targets\editor\chunks\c6\c69ed17c83af632ef34866f9d9dd81ee75446530.js resolved to C:\Users\DELL\NewProject_1\temp\programming\packer-driver\targets\editor\chunks\c6\c69ed17c83af632ef34866f9d9dd81ee75446530.js is not in module cache!
4-9-2024 20:06:25 - debug: C:\Users\DELL\NewProject_1\temp\programming\packer-driver\targets\editor\chunks\6a\6a5019a719a9014c047e67aa1cf34453ab8392ce.js resolved to C:\Users\DELL\NewProject_1\temp\programming\packer-driver\targets\editor\chunks\6a\6a5019a719a9014c047e67aa1cf34453ab8392ce.js is not in module cache!
4-9-2024 20:06:25 - debug: C:\Users\DELL\NewProject_1\temp\programming\packer-driver\targets\editor\chunks\05\05f869818c899a9e3c646ff426977c0f886f8420.js resolved to C:\Users\DELL\NewProject_1\temp\programming\packer-driver\targets\editor\chunks\05\05f869818c899a9e3c646ff426977c0f886f8420.js is not in module cache!
4-9-2024 20:06:25 - debug: C:\Users\DELL\NewProject_1\temp\programming\packer-driver\targets\editor\chunks\7d\7d0a109fe67192c411c9384bbc7233691f3e6b90.js resolved to C:\Users\DELL\NewProject_1\temp\programming\packer-driver\targets\editor\chunks\7d\7d0a109fe67192c411c9384bbc7233691f3e6b90.js is not in module cache!
4-9-2024 20:06:25 - debug: C:\Users\DELL\NewProject_1\temp\programming\packer-driver\targets\editor\chunks\bf\bf0dfff7ac0f97ba7460e07675753a614ef7b585.js resolved to C:\Users\DELL\NewProject_1\temp\programming\packer-driver\targets\editor\chunks\bf\bf0dfff7ac0f97ba7460e07675753a614ef7b585.js is not in module cache!
4-9-2024 20:06:25 - debug: [[Executor]] Module "pack:///chunks/6a/6a5019a719a9014c047e67aa1cf34453ab8392ce.js" loaded.
4-9-2024 20:06:25 - debug: [[Executor]] Register Ground
4-9-2024 20:06:25 - debug: [[Executor]] Module "pack:///chunks/bf/bf0dfff7ac0f97ba7460e07675753a614ef7b585.js" loaded.
4-9-2024 20:06:25 - debug: [[Executor]] Register Results
4-9-2024 20:06:25 - debug: [[Executor]] Module "pack:///chunks/7d/7d0a109fe67192c411c9384bbc7233691f3e6b90.js" loaded.
4-9-2024 20:06:25 - debug: [[Executor]] Register PipePool
4-9-2024 20:06:25 - debug: [[Executor]] Module "pack:///chunks/05/05f869818c899a9e3c646ff426977c0f886f8420.js" loaded.
4-9-2024 20:06:25 - debug: [[Executor]] Register GameCtrl
4-9-2024 20:06:25 - debug: [[Executor]] Module "pack:///chunks/c6/c69ed17c83af632ef34866f9d9dd81ee75446530.js" loaded.
4-9-2024 20:06:25 - debug: C:\Users\DELL\NewProject_1\temp\programming\packer-driver\targets\editor\chunks\34\340a10ff38b9c88bb6a98665c841f25ffb86ee0b.js resolved to C:\Users\DELL\NewProject_1\temp\programming\packer-driver\targets\editor\chunks\34\340a10ff38b9c88bb6a98665c841f25ffb86ee0b.js is not in module cache!
4-9-2024 20:06:25 - debug: [[Executor]] Register Pipes
4-9-2024 20:06:25 - debug: [[Executor]] Module "pack:///chunks/34/340a10ff38b9c88bb6a98665c841f25ffb86ee0b.js" loaded.
4-9-2024 20:06:25 - debug: [[Executor]] Module "pack:///chunks/6d/6d8fd2b0177941b032ddc0733af48a561fb60657.js" loaded.
4-9-2024 20:06:25 - groupEnd: Imports all modules
4-9-2024 20:06:25 - debug: Incremental keys: 
4-9-2024 20:06:25 - debug: native:(onAfterBundleInit) start..., progress: 16%
4-9-2024 20:06:25 - debug: // ---- build task native：onAfterBundleInit ----
4-9-2024 20:06:25 - debug: // ---- build task native：onAfterBundleInit ---- (25ms)
4-9-2024 20:06:25 - debug: native:(onAfterBundleInit) in 25 ms ✓, progress: 16%
4-9-2024 20:06:25 - debug: windows:(onAfterBundleInit) start..., progress: 16%
4-9-2024 20:06:25 - debug: // ---- build task windows：onAfterBundleInit ----
4-9-2024 20:06:25 - debug: // ---- build task windows：onAfterBundleInit ---- (52ms)
4-9-2024 20:06:25 - debug: windows:(onAfterBundleInit) in 52 ms ✓, progress: 16%
4-9-2024 20:06:25 - debug: Query asset bundle start, progress: 16%
4-9-2024 20:06:25 - debug: // ---- build task Query asset bundle ----
4-9-2024 20:06:25 - debug: Init bundle root assets start..., progress: 16%
4-9-2024 20:06:25 - debug: Query preload assets from cc.config.json: 60f7195c-ec2a-45eb-ba94-8955f60e81d0,1c02ae6f-4492-4915-b8f8-7492a3b1e4cd,810e96e4-e456-4468-9b59-f4e8f39732c0,efe8e2a3-eace-427b-b4f1-cb8a937ec77d,e9aa9a3e-5b2b-4ac7-a2c7-073de2b2b24f,8bbdbcdd-5cd4-4100-b6d5-b7c9625b6107,50f4348b-c883-4e2f-8f11-ce233b859fa1,fda095cb-831d-4601-ad94-846013963de8,f92806d7-1768-443f-afe8-12bcde84d0f0,dd3a144d-ab7f-41f0-82b8-2e43a090d496,f0416e68-0200-4b77-a926-4f9d16e494da,970b0598-bcb0-4714-91fb-2e81440dccd8,bcd64cc6-2dd9-43f6-abbe-66318d332032,d930590d-bb92-4cc8-8bd1-23cd027f9edf,a3cd009f-0ab0-420d-9278-b9fdab939bbc,c27215d8-6835-4b68-bfbb-bdeac6100c04,b5d6115f-0370-4d7c-aad3-c194cc71cf98,871c3b6c-7379-419d-bda3-794b239ab90d
4-9-2024 20:06:25 - debug: Init bundle root assets success..., progress: 16%
4-9-2024 20:06:25 - debug: Init bundle share assets start..., progress: 16%
4-9-2024 20:06:25 - debug: Init bundle share assets success..., progress: 16%
4-9-2024 20:06:25 - debug: handle json group in bundle internal
4-9-2024 20:06:25 - debug: handle json group in bundle internal success
4-9-2024 20:06:25 - debug: handle json group in bundle main
4-9-2024 20:06:25 - debug: init image compress task 0 in bundle internal
4-9-2024 20:06:25 - debug: handle json group in bundle main success
4-9-2024 20:06:25 - debug: init image compress task 0 in bundle main
4-9-2024 20:06:25 - debug: // ---- build task Query asset bundle ---- (180ms)
4-9-2024 20:06:25 - debug: run build task Query asset bundle success in 180 ms√, progress: 21%
4-9-2024 20:06:25 - debug: [Build Memory track]: Query asset bundle start:205.41MB, end 208.32MB, increase: 2.91MB
4-9-2024 20:06:25 - debug: Query asset bundle start, progress: 21%
4-9-2024 20:06:25 - debug: // ---- build task Query asset bundle ----
4-9-2024 20:06:25 - debug: // ---- build task Query asset bundle ---- (38ms)
4-9-2024 20:06:25 - debug: run build task Query asset bundle success in 38 ms√, progress: 26%
4-9-2024 20:06:25 - debug: [Build Memory track]: Query asset bundle start:208.33MB, end 208.45MB, increase: 122.00KB
4-9-2024 20:06:25 - debug: native:(onAfterBundleDataTask) start..., progress: 26%
4-9-2024 20:06:25 - debug: // ---- build task native：onAfterBundleDataTask ----
4-9-2024 20:06:26 - debug: // ---- build task native：onAfterBundleDataTask ---- (44ms)
4-9-2024 20:06:26 - debug: native:(onAfterBundleDataTask) in 44 ms ✓, progress: 26%
4-9-2024 20:06:26 - debug: Build script start, progress: 26%
4-9-2024 20:06:26 - debug: // ---- build task Build script ----
4-9-2024 20:06:26 - debug: Caught exception during build core-js: WebpackOptionsValidationError: Invalid configuration object. Webpack has been initialised using a configuration object that does not match the API schema. - configuration.entry should be an non-empty array.   -> A non-empty array of non-empty stringsThis may indicates the core-js polyfill is not necessary. See https://github.com/zloirock/core-js/issues/822
4-9-2024 20:06:26 - debug: Generate systemJs..., progress: 26%
4-9-2024 20:06:29 - debug: Build project script start..., progress: 26%
4-9-2024 20:06:29 - debug: Build script in bundle start, progress: 26%
4-9-2024 20:06:29 - log: Run build task(build-script) in child, see: chrome://inspect/#devices
4-9-2024 20:06:29 - log: [build-script]enter sub process 21656, C:\ProgramData\cocos\editors\Creator\3.8.2\CocosCreator.exe,C:\ProgramData\cocos\editors\Creator\3.8.2\resources\app.asar\builtin\builder\static\sub-process-index
4-9-2024 20:06:31 - warn: [build-script][[Build.Script.Rollup]] Circular dependency: file:///C:/Users/DELL/NewProject_1/assets/Scripts/GameCtrl.ts -> file:///C:/Users/DELL/NewProject_1/assets/Scripts/Ground.ts -> file:///C:/Users/DELL/NewProject_1/assets/Scripts/GameCtrl.ts
4-9-2024 20:06:33 - debug: excute-script over with build-script 4114ms
4-9-2024 20:06:33 - debug: Copy externalScripts success!
4-9-2024 20:06:33 - debug: Build script in bundle success, progress: 26%
4-9-2024 20:06:33 - debug: Build project script in (4274 ms) √, progress: 26%
4-9-2024 20:06:33 - debug: Build engine start..., progress: 26%
4-9-2024 20:06:33 - debug: Engine cache ({link(C:\Users\DELL\AppData\Local\Temp\CocosCreator\3.8.2\builder\engine\55bee53e3e1f487a6d6e9723ef0168d2)}) does not exist.
4-9-2024 20:06:33 - log: Run build task(build-engine) in child, see: chrome://inspect/#devices
4-9-2024 20:06:34 - log: [build-engine]enter sub process 11952, C:\ProgramData\cocos\editors\Creator\3.8.2\CocosCreator.exe,C:\ProgramData\cocos\editors\Creator\3.8.2\resources\app.asar\builtin\builder\static\sub-process-index
4-9-2024 20:06:35 - log: [build-engine]Module source "internal-constants":function tryDefineGlobal (name, value) {    const _global = typeof window === 'undefined' ? global : window;    if (typeof _global[name] === 'undefined') {        return (_global[name] = value);    } else {        // eslint-disable-next-line @typescript-eslint/no-unsafe-return        return _global[name];    }}export const HTML5 = false;export const NATIVE = true;export const ANDROID = false;export const IOS = false;export const MAC = false;export const WINDOWS = true;export const LINUX = false;export const OHOS = false;export const OPEN_HARMONY = false;export const WECHAT = false;tryDefineGlobal('CC_WECHAT', false);export const WECHAT_MINI_PROGRAM = false;export const BAIDU = false;tryDefineGlobal('CC_BAIDU', false);export const XIAOMI = false;tryDefineGlobal('CC_XIAOMI', false);export const ALIPAY = false;tryDefineGlobal('CC_ALIPAY', false);export const TAOBAO = false;export const TAOBAO_MINIGAME = false;export const BYTEDANCE = false;tryDefineGlobal('CC_BYTEDANCE', false);export const OPPO = false;tryDefineGlobal('CC_OPPO', false);export const VIVO = false;tryDefineGlobal('CC_VIVO', false);export const HUAWEI = false;tryDefineGlobal('CC_HUAWEI', false);export const COCOSPLAY = false;tryDefineGlobal('CC_COCOSPLAY', false);export const QTT = false;tryDefineGlobal('CC_QTT', false);export const LINKSURE = false;tryDefineGlobal('CC_LINKSURE', false);export const EDITOR = false;tryDefineGlobal('CC_EDITOR', false);export const EDITOR_NOT_IN_PREVIEW = false;export const PREVIEW = false;tryDefineGlobal('CC_PREVIEW', false);export const BUILD = true;tryDefineGlobal('CC_BUILD', true);export const TEST = false;tryDefineGlobal('CC_TEST', false);export const DEBUG = false;tryDefineGlobal('CC_DEBUG', false);export const SERVER_MODE = false;export const DEV = false;tryDefineGlobal('CC_DEV', false);export const MINIGAME = false;tryDefineGlobal('CC_MINIGAME', false);export const RUNTIME_BASED = false;tryDefineGlobal('CC_RUNTIME_BASED', false);export const SUPPORT_JIT = true;tryDefineGlobal('CC_SUPPORT_JIT', true);export const JSB = true;tryDefineGlobal('CC_JSB', true);export const NOT_PACK_PHYSX_LIBS = false;export const NET_MODE = 0;export const WEBGPU = false;export const WASM_SUPPORT_MODE = 1;export const FORCE_BANNING_BULLET_WASM = false;export const CULL_ASM_JS_MODULE = false;export const WASM_FALLBACK = false;export const WASM_SUBPACKAGE = false;export const CULL_MESHOPT = true;
4-9-2024 20:06:35 - log: [build-engine]Module source "cc":export * from 'C:\\ProgramData\\cocos\\editors\\Creator\\3.8.2\\resources\\resources\\3d\\engine\\exports\\2d.ts';export * from 'C:\\ProgramData\\cocos\\editors\\Creator\\3.8.2\\resources\\resources\\3d\\engine\\exports\\sorting.ts';export * from 'C:\\ProgramData\\cocos\\editors\\Creator\\3.8.2\\resources\\resources\\3d\\engine\\exports\\animation.ts';export * from 'C:\\ProgramData\\cocos\\editors\\Creator\\3.8.2\\resources\\resources\\3d\\engine\\exports\\audio.ts';export * from 'C:\\ProgramData\\cocos\\editors\\Creator\\3.8.2\\resources\\resources\\3d\\engine\\exports\\base.ts';export * from 'C:\\ProgramData\\cocos\\editors\\Creator\\3.8.2\\resources\\resources\\3d\\engine\\exports\\dragon-bones.ts';export * from 'C:\\ProgramData\\cocos\\editors\\Creator\\3.8.2\\resources\\resources\\3d\\engine\\exports\\intersection-2d.ts';export * from 'C:\\ProgramData\\cocos\\editors\\Creator\\3.8.2\\resources\\resources\\3d\\engine\\exports\\particle-2d.ts';export * from 'C:\\ProgramData\\cocos\\editors\\Creator\\3.8.2\\resources\\resources\\3d\\engine\\exports\\physics-2d-box2d.ts';export * from 'C:\\ProgramData\\cocos\\editors\\Creator\\3.8.2\\resources\\resources\\3d\\engine\\exports\\physics-2d-framework.ts';export * from 'C:\\ProgramData\\cocos\\editors\\Creator\\3.8.2\\resources\\resources\\3d\\engine\\exports\\profiler.ts';export * from 'C:\\ProgramData\\cocos\\editors\\Creator\\3.8.2\\resources\\resources\\3d\\engine\\exports\\spine.ts';export * from 'C:\\ProgramData\\cocos\\editors\\Creator\\3.8.2\\resources\\resources\\3d\\engine\\exports\\tiled-map.ts';export * from 'C:\\ProgramData\\cocos\\editors\\Creator\\3.8.2\\resources\\resources\\3d\\engine\\exports\\tween.ts';export * from 'C:\\ProgramData\\cocos\\editors\\Creator\\3.8.2\\resources\\resources\\3d\\engine\\exports\\ui.ts';export * from 'C:\\ProgramData\\cocos\\editors\\Creator\\3.8.2\\resources\\resources\\3d\\engine\\exports\\video.ts';export * from 'C:\\ProgramData\\cocos\\editors\\Creator\\3.8.2\\resources\\resources\\3d\\engine\\exports\\webview.ts';
4-9-2024 20:06:35 - log: [build-engine]Redirect module C:\ProgramData\cocos\editors\Creator\3.8.2\resources\resources\3d\engine\cocos\root.ts to C:\ProgramData\cocos\editors\Creator\3.8.2\resources\resources\3d\engine\cocos\root.jsb.ts
4-9-2024 20:06:36 - log: [build-engine]Redirect module internal:native to C:\ProgramData\cocos\editors\Creator\3.8.2\resources\resources\3d\engine\cocos\native-binding\impl.ts
4-9-2024 20:06:36 - log: [build-engine]Redirect module C:\ProgramData\cocos\editors\Creator\3.8.2\resources\resources\3d\engine\cocos\rendering\index.ts to C:\ProgramData\cocos\editors\Creator\3.8.2\resources\resources\3d\engine\cocos\rendering\index.jsb.ts
4-9-2024 20:06:36 - log: [build-engine]Redirect module C:\ProgramData\cocos\editors\Creator\3.8.2\resources\resources\3d\engine\cocos\dragon-bones\index.ts to C:\ProgramData\cocos\editors\Creator\3.8.2\resources\resources\3d\engine\cocos\dragon-bones\index.jsb.ts
4-9-2024 20:06:36 - log: [build-engine]Redirect module C:\ProgramData\cocos\editors\Creator\3.8.2\resources\resources\3d\engine\cocos\gfx\index.ts to C:\ProgramData\cocos\editors\Creator\3.8.2\resources\resources\3d\engine\cocos\gfx\index.jsb.ts
4-9-2024 20:06:36 - log: [build-engine]Redirect module C:\ProgramData\cocos\editors\Creator\3.8.2\resources\resources\3d\engine\cocos\spine\index.ts to C:\ProgramData\cocos\editors\Creator\3.8.2\resources\resources\3d\engine\cocos\spine\index.jsb.ts
4-9-2024 20:06:36 - log: [build-engine]Redirect module C:\ProgramData\cocos\editors\Creator\3.8.2\resources\resources\3d\engine\cocos\scene-graph\index.ts to C:\ProgramData\cocos\editors\Creator\3.8.2\resources\resources\3d\engine\cocos\scene-graph\index.jsb.ts
4-9-2024 20:06:36 - log: [build-engine]Redirect module C:\ProgramData\cocos\editors\Creator\3.8.2\resources\resources\3d\engine\cocos\scene-graph\node.ts to C:\ProgramData\cocos\editors\Creator\3.8.2\resources\resources\3d\engine\cocos\scene-graph\node.jsb.ts
4-9-2024 20:06:36 - log: [build-engine]Redirect module C:\ProgramData\cocos\editors\Creator\3.8.2\resources\resources\3d\engine\cocos\asset\assets\index.ts to C:\ProgramData\cocos\editors\Creator\3.8.2\resources\resources\3d\engine\cocos\asset\assets\index.jsb.ts
4-9-2024 20:06:36 - log: [build-engine]Redirect module C:\ProgramData\cocos\editors\Creator\3.8.2\resources\resources\3d\engine\cocos\asset\assets\material.ts to C:\ProgramData\cocos\editors\Creator\3.8.2\resources\resources\3d\engine\cocos\asset\assets\material.jsb.ts
4-9-2024 20:06:36 - log: [build-engine]Redirect module pal/system-info to C:\ProgramData\cocos\editors\Creator\3.8.2\resources\resources\3d\engine\pal\system-info\native\system-info.ts
4-9-2024 20:06:39 - log: [build-engine]Redirect module pal/input to C:\ProgramData\cocos\editors\Creator\3.8.2\resources\resources\3d\engine\pal\input\native\index.ts
4-9-2024 20:06:39 - log: [build-engine]Redirect module pal/env to C:\ProgramData\cocos\editors\Creator\3.8.2\resources\resources\3d\engine\pal\env\native\env.ts
4-9-2024 20:06:39 - log: [build-engine]Redirect module pal/pacer to C:\ProgramData\cocos\editors\Creator\3.8.2\resources\resources\3d\engine\pal\pacer\pacer-native.ts
4-9-2024 20:06:39 - log: [build-engine]Redirect module C:\ProgramData\cocos\editors\Creator\3.8.2\resources\resources\3d\engine\cocos\render-scene\core\material-instance.ts to C:\ProgramData\cocos\editors\Creator\3.8.2\resources\resources\3d\engine\cocos\render-scene\core\material-instance.jsb.ts
4-9-2024 20:06:39 - log: [build-engine]Redirect module C:\ProgramData\cocos\editors\Creator\3.8.2\resources\resources\3d\engine\cocos\render-scene\core\pass.ts to C:\ProgramData\cocos\editors\Creator\3.8.2\resources\resources\3d\engine\cocos\render-scene\core\pass.jsb.ts
4-9-2024 20:06:39 - log: [build-engine]Redirect module C:\ProgramData\cocos\editors\Creator\3.8.2\resources\resources\3d\engine\cocos\render-scene\core\program-lib.ts to C:\ProgramData\cocos\editors\Creator\3.8.2\resources\resources\3d\engine\cocos\render-scene\core\program-lib.jsb.ts
4-9-2024 20:06:39 - log: [build-engine]Redirect module C:\ProgramData\cocos\editors\Creator\3.8.2\resources\resources\3d\engine\cocos\render-scene\core\render-scene.ts to C:\ProgramData\cocos\editors\Creator\3.8.2\resources\resources\3d\engine\cocos\render-scene\core\render-scene.jsb.ts
4-9-2024 20:06:39 - log: [build-engine]Redirect module pal/screen-adapter to C:\ProgramData\cocos\editors\Creator\3.8.2\resources\resources\3d\engine\pal\screen-adapter\native\screen-adapter.ts
4-9-2024 20:06:39 - log: [build-engine]Redirect module pal/minigame to C:\ProgramData\cocos\editors\Creator\3.8.2\resources\resources\3d\engine\pal\minigame\non-minigame.ts
4-9-2024 20:06:39 - log: [build-engine]Redirect module pal/audio to C:\ProgramData\cocos\editors\Creator\3.8.2\resources\resources\3d\engine\pal\audio\native\player.ts
4-9-2024 20:06:40 - log: [build-engine]Redirect module C:\ProgramData\cocos\editors\Creator\3.8.2\resources\resources\3d\engine\cocos\asset\asset-manager\builtin-res-mgr.ts to C:\ProgramData\cocos\editors\Creator\3.8.2\resources\resources\3d\engine\cocos\asset\asset-manager\builtin-res-mgr.jsb.ts
4-9-2024 20:06:40 - log: [build-engine]Redirect module C:\ProgramData\cocos\editors\Creator\3.8.2\resources\resources\3d\engine\cocos\render-scene\scene\index.ts to C:\ProgramData\cocos\editors\Creator\3.8.2\resources\resources\3d\engine\cocos\render-scene\scene\index.jsb.ts
4-9-2024 20:06:40 - log: [build-engine]Redirect module C:\ProgramData\cocos\editors\Creator\3.8.2\resources\resources\3d\engine\cocos\3d\assets\mesh.ts to C:\ProgramData\cocos\editors\Creator\3.8.2\resources\resources\3d\engine\cocos\3d\assets\mesh.jsb.ts
4-9-2024 20:06:40 - log: [build-engine]Redirect module C:\ProgramData\cocos\editors\Creator\3.8.2\resources\resources\3d\engine\cocos\3d\models\morph-model.ts to C:\ProgramData\cocos\editors\Creator\3.8.2\resources\resources\3d\engine\cocos\3d\models\morph-model.jsb.ts
4-9-2024 20:06:41 - log: [build-engine]Redirect module C:\ProgramData\cocos\editors\Creator\3.8.2\resources\resources\3d\engine\cocos\scene-graph\scene-globals.ts to C:\ProgramData\cocos\editors\Creator\3.8.2\resources\resources\3d\engine\cocos\scene-graph\scene-globals.jsb.ts
4-9-2024 20:06:41 - log: [build-engine]Redirect module C:\ProgramData\cocos\editors\Creator\3.8.2\resources\resources\3d\engine\cocos\scene-graph\scene.ts to C:\ProgramData\cocos\editors\Creator\3.8.2\resources\resources\3d\engine\cocos\scene-graph\scene.jsb.ts
4-9-2024 20:06:41 - log: [build-engine]Redirect module C:\ProgramData\cocos\editors\Creator\3.8.2\resources\resources\3d\engine\cocos\render-scene\scene\reflection-probe.ts to C:\ProgramData\cocos\editors\Creator\3.8.2\resources\resources\3d\engine\cocos\render-scene\scene\reflection-probe.jsb.ts
4-9-2024 20:06:41 - log: [build-engine]Redirect module C:\ProgramData\cocos\editors\Creator\3.8.2\resources\resources\3d\engine\cocos\render-scene\scene\camera.ts to C:\ProgramData\cocos\editors\Creator\3.8.2\resources\resources\3d\engine\cocos\render-scene\scene\camera.jsb.ts
4-9-2024 20:06:42 - log: [build-engine]Redirect module C:\ProgramData\cocos\editors\Creator\3.8.2\resources\resources\3d\engine\cocos\asset\assets\render-texture.ts to C:\ProgramData\cocos\editors\Creator\3.8.2\resources\resources\3d\engine\cocos\asset\assets\render-texture.jsb.ts
4-9-2024 20:06:42 - log: [build-engine]Redirect module C:\ProgramData\cocos\editors\Creator\3.8.2\resources\resources\3d\engine\cocos\gfx\base\pipeline-state.ts to C:\ProgramData\cocos\editors\Creator\3.8.2\resources\resources\3d\engine\cocos\gfx\base\pipeline-state.jsb.ts
4-9-2024 20:06:43 - log: [build-engine]Redirect module C:\ProgramData\cocos\editors\Creator\3.8.2\resources\resources\3d\engine\cocos\animation\marionette\runtime-exports.ts to C:\ProgramData\cocos\editors\Creator\3.8.2\resources\resources\3d\engine\cocos\animation\marionette\index-empty.ts
4-9-2024 20:06:43 - log: [build-engine]Redirect module C:\ProgramData\cocos\editors\Creator\3.8.2\resources\resources\3d\engine\cocos\asset\assets\asset.ts to C:\ProgramData\cocos\editors\Creator\3.8.2\resources\resources\3d\engine\cocos\asset\assets\asset.jsb.ts
4-9-2024 20:06:43 - log: [build-engine]Redirect module C:\ProgramData\cocos\editors\Creator\3.8.2\resources\resources\3d\engine\cocos\asset\assets\texture-2d.ts to C:\ProgramData\cocos\editors\Creator\3.8.2\resources\resources\3d\engine\cocos\asset\assets\texture-2d.jsb.ts
4-9-2024 20:06:43 - log: [build-engine]Redirect module C:\ProgramData\cocos\editors\Creator\3.8.2\resources\resources\3d\engine\cocos\asset\assets\scene-asset.ts to C:\ProgramData\cocos\editors\Creator\3.8.2\resources\resources\3d\engine\cocos\asset\assets\scene-asset.jsb.ts
4-9-2024 20:06:43 - log: [build-engine]Redirect module C:\ProgramData\cocos\editors\Creator\3.8.2\resources\resources\3d\engine\cocos\render-scene\scene\submodel.ts to C:\ProgramData\cocos\editors\Creator\3.8.2\resources\resources\3d\engine\cocos\render-scene\scene\submodel.jsb.ts
4-9-2024 20:06:43 - log: [build-engine]Redirect module C:\ProgramData\cocos\editors\Creator\3.8.2\resources\resources\3d\engine\cocos\asset\assets\image-asset.ts to C:\ProgramData\cocos\editors\Creator\3.8.2\resources\resources\3d\engine\cocos\asset\assets\image-asset.jsb.ts
4-9-2024 20:06:44 - log: [build-engine]Redirect module C:\ProgramData\cocos\editors\Creator\3.8.2\resources\resources\3d\engine\cocos\2d\renderer\native-2d.ts to C:\ProgramData\cocos\editors\Creator\3.8.2\resources\resources\3d\engine\cocos\2d\renderer\native-2d.jsb.ts
4-9-2024 20:06:44 - log: [build-engine]Redirect module C:\ProgramData\cocos\editors\Creator\3.8.2\resources\resources\3d\engine\cocos\render-scene\core\native-pools.ts to C:\ProgramData\cocos\editors\Creator\3.8.2\resources\resources\3d\engine\cocos\render-scene\core\native-pools.jsb.ts
4-9-2024 20:06:45 - log: [build-engine]Redirect module C:\ProgramData\cocos\editors\Creator\3.8.2\resources\resources\3d\engine\cocos\3d\misc\create-mesh.ts to C:\ProgramData\cocos\editors\Creator\3.8.2\resources\resources\3d\engine\cocos\3d\misc\create-mesh.jsb.ts
4-9-2024 20:06:45 - log: [build-engine]Redirect module C:\ProgramData\cocos\editors\Creator\3.8.2\resources\resources\3d\engine\cocos\asset\assets\buffer-asset.ts to C:\ProgramData\cocos\editors\Creator\3.8.2\resources\resources\3d\engine\cocos\asset\assets\buffer-asset.jsb.ts
4-9-2024 20:06:45 - log: [build-engine]Redirect module C:\ProgramData\cocos\editors\Creator\3.8.2\resources\resources\3d\engine\cocos\asset\assets\texture-cube.ts to C:\ProgramData\cocos\editors\Creator\3.8.2\resources\resources\3d\engine\cocos\asset\assets\texture-cube.jsb.ts
4-9-2024 20:06:45 - log: [build-engine]Redirect module C:\ProgramData\cocos\editors\Creator\3.8.2\resources\resources\3d\engine\cocos\asset\assets\effect-asset.ts to C:\ProgramData\cocos\editors\Creator\3.8.2\resources\resources\3d\engine\cocos\asset\assets\effect-asset.jsb.ts
4-9-2024 20:06:45 - log: [build-engine]Redirect module C:\ProgramData\cocos\editors\Creator\3.8.2\resources\resources\3d\engine\cocos\asset\assets\rendering-sub-mesh.ts to C:\ProgramData\cocos\editors\Creator\3.8.2\resources\resources\3d\engine\cocos\asset\assets\rendering-sub-mesh.jsb.ts
4-9-2024 20:06:45 - log: [build-engine]Redirect module C:\ProgramData\cocos\editors\Creator\3.8.2\resources\resources\3d\engine\cocos\asset\assets\texture-base.ts to C:\ProgramData\cocos\editors\Creator\3.8.2\resources\resources\3d\engine\cocos\asset\assets\texture-base.jsb.ts
4-9-2024 20:06:46 - log: [build-engine]Redirect module pal/wasm to C:\ProgramData\cocos\editors\Creator\3.8.2\resources\resources\3d\engine\pal\wasm\wasm-native.ts
4-9-2024 20:06:49 - log: [build-engine]Redirect module C:\ProgramData\cocos\editors\Creator\3.8.2\resources\resources\3d\engine\cocos\render-scene\scene\model.ts to C:\ProgramData\cocos\editors\Creator\3.8.2\resources\resources\3d\engine\cocos\render-scene\scene\model.jsb.ts
4-9-2024 20:06:51 - log: [build-engine]Rollup warning 'THIS_IS_UNDEFINED' is omitted for C:\ProgramData\cocos\editors\Creator\3.8.2\resources\resources\3d\engine\node_modules\@cocos\dragonbones-js\out\dragonBones.js
4-9-2024 20:06:51 - log: [build-engine]Rollup warning 'THIS_IS_UNDEFINED' is omitted for C:\ProgramData\cocos\editors\Creator\3.8.2\resources\resources\3d\engine\node_modules\@cocos\dragonbones-js\out\dragonBones.js
4-9-2024 20:06:53 - log: [build-engine]Redirect module C:\ProgramData\cocos\editors\Creator\3.8.2\resources\resources\3d\engine\cocos\asset\assets\simple-texture.ts to C:\ProgramData\cocos\editors\Creator\3.8.2\resources\resources\3d\engine\cocos\asset\assets\simple-texture.jsb.ts
4-9-2024 20:06:56 - log: [build-engine]==== Performance ===={"# BUILD":[20898.17199999094,326924376,385203068],"## generate module graph":[18471.477899968624,264718616,323002752],"- plugin 0 (@cocos/ccbuild|external-loader) - resolveId":[22.16819876432419,3336508,768461708],"- plugin 0 (@cocos/ccbuild|external-loader) - resolveId (async)":[87.46539670228958,-35503508,768462180],"- plugin 1 (@cocos/ccbuild|module-overrides) - resolveId":[7.576000452041626,583824,768467632],"- plugin 2 (virtual) - resolveId":[25.873900771141052,4232860,768470968],"load modules":[53721.00860059261,1179206796,768498760],"- plugin 0 (@cocos/ccbuild|external-loader) - load":[8.642399966716766,665352,768484028],"- plugin 0 (@cocos/ccbuild|external-loader) - load (async)":[264.781398832798,8085100,768485328],"- plugin 1 (@cocos/ccbuild|module-overrides) - load":[9.640399277210236,333444,768492264],"- plugin 2 (virtual) - load":[1.8447992205619812,84200,768497896],"- plugin 6 (json) - transform":[8.932999670505524,-3811412,768502472],"- plugin 7 (commonjs) - transform":[366.69379991292953,18906248,768504884],"- plugin 8 (babel) - transform":[262.9311001896858,2466592,768507376],"generate ast":[879.0921005010605,28800384,768523076],"analyse ast":[1518.521599829197,86617504,768573256],"- plugin 3 (@cocos/ccbuild|module-query-plugin) - resolveId":[28.221797823905945,6167924,768476244],"- plugin 3 (@cocos/ccbuild|module-query-plugin) - resolveId (async)":[663.8618996143341,27774864,768477356],"- plugin 4 (ts-paths) - resolveId":[6.002000093460083,421076,768487200],"- plugin 5 (node-resolve) - resolveId":[41.72750025987625,7703720,768491724],"- plugin 5 (node-resolve) - resolveId (async)":[55601.78150218725,-3605140080,769940476],"- plugin 5 (node-resolve) - load":[1.9133002758026123,87664,768498300],"- plugin 7 (commonjs) - load":[5.963499665260315,637600,768498736],"- plugin 8 (babel) - load":[371.25590020418167,6404576,679050208],"- plugin 8 (babel) - transform (async)":[10766.685300171375,513576864,741534016],"- plugin 7 (commonjs) - resolveId":[2.471100091934204,54516,768471848],"- plugin 8 (babel) - resolveId":[1.8674995303153992,38204,768477116],"- plugin 7 (commonjs) - resolveId (async)":[4664.434300005436,-310926236,572322288],"- plugin 7 (commonjs) - load (async)":[2428.074800014496,122133952,690157660],"## sort modules":[214.51510000228882,7014492,330017548],"## mark included statements":[2212.005800008774,55183636,385201428],"treeshaking pass 1":[759.1053999662399,23855576,354204880],"treeshaking pass 2":[615.0885000228882,17483676,371688800],"treeshaking pass 3":[363.03170001506805,11231924,382920968],"treeshaking pass 4":[143.16990000009537,586600,383507812],"treeshaking pass 5":[80.42029994726181,-49068,383458988],"treeshaking pass 6":[65.87259995937347,3928108,387387340],"treeshaking pass 7":[64.04049998521805,-5770008,381617576],"treeshaking pass 8":[55.65979999303818,1810200,383428020],"treeshaking pass 9":[64.60820001363754,1772792,385201056]}====             ====
4-9-2024 20:07:18 - debug: excute-script over with build-engine 45389ms
4-9-2024 20:07:18 - debug: Build engine in (45469 ms) √, progress: 26%
4-9-2024 20:07:18 - debug: Copy plugin script ..., progress: 26%
4-9-2024 20:07:18 - debug: Generate import-map..., progress: 26%
4-9-2024 20:07:18 - debug: // ---- build task Build script ---- (52897ms)
4-9-2024 20:07:18 - debug: run build task Build script success in 52 s√, progress: 31%
4-9-2024 20:07:18 - debug: [Build Memory track]: Build script start:208.70MB, end 198.24MB, increase: -10706.22KB
4-9-2024 20:07:18 - debug: Build Assets start, progress: 31%
4-9-2024 20:07:18 - debug: // ---- build task Build Assets ----
4-9-2024 20:07:18 - debug: Build bundles..., progress: 31%
4-9-2024 20:07:18 - debug: Pack Images start, progress: 31%
4-9-2024 20:07:19 - debug: builder:pack-auto-atlas-image (135ms)
4-9-2024 20:07:19 - debug: Pack Images success, progress: 31%
4-9-2024 20:07:19 - debug: Compress image start..., progress: 31%
4-9-2024 20:07:19 - group: Compress image...
4-9-2024 20:07:19 - debug: sort compress task {}
4-9-2024 20:07:19 - debug: Num of all image compress task 0, really: 0, configTasks: 0
4-9-2024 20:07:19 - debug: No image need to compress
4-9-2024 20:07:19 - groupEnd: Compress image...
4-9-2024 20:07:19 - debug: Compress image success..., progress: 31%
4-9-2024 20:07:19 - debug: Ouput asset in bundles start, progress: 31%
4-9-2024 20:07:19 - debug: Handle all json groups in bundle internal
4-9-2024 20:07:19 - debug: handle json group
4-9-2024 20:07:19 - debug: Handle all json groups in bundle main
4-9-2024 20:07:19 - debug: handle json group
4-9-2024 20:07:19 - debug: Json group(0e6657450) compile success，json number: 6
4-9-2024 20:07:19 - debug: Json group(065e447e9) compile success，json number: 6
4-9-2024 20:07:19 - debug: Json group(0ca60d3e4) compile success，json number: 6
4-9-2024 20:07:19 - debug: handle single json
4-9-2024 20:07:19 - debug: Json group(0b3902731) compile success，json number: 6
4-9-2024 20:07:19 - debug: handle single json
4-9-2024 20:07:19 - debug: Output asset in bundles success, progress: 31%
4-9-2024 20:07:19 - debug: // ---- build task Build Assets ---- (452ms)
4-9-2024 20:07:19 - debug: run build task Build Assets success in 452 ms√, progress: 36%
4-9-2024 20:07:19 - debug: [Build Memory track]: Build Assets start:198.26MB, end 199.57MB, increase: 1.32MB
4-9-2024 20:07:19 - debug: Add md5 suffix to assets start, progress: 36%
4-9-2024 20:07:19 - debug: // ---- build task Add md5 suffix to assets ----
4-9-2024 20:07:19 - debug: // ---- build task Add md5 suffix to assets ---- (81ms)
4-9-2024 20:07:19 - debug: run build task Add md5 suffix to assets success in 81 ms√, progress: 41%
4-9-2024 20:07:19 - debug: [Build Memory track]: Add md5 suffix to assets start:199.66MB, end 198.93MB, increase: -749.38KB
4-9-2024 20:07:19 - debug: Query asset bundle start, progress: 41%
4-9-2024 20:07:19 - debug: // ---- build task Query asset bundle ----
4-9-2024 20:07:19 - debug: Output asset in bundles start, progress: 41%
4-9-2024 20:07:19 - debug: compress config of bundle internal...
4-9-2024 20:07:19 - debug: compress config of bundle internal success
4-9-2024 20:07:19 - debug: compress config of bundle main...
4-9-2024 20:07:19 - debug: compress config of bundle main success
4-9-2024 20:07:19 - debug: ouput config of bundle internal
4-9-2024 20:07:19 - debug: output config of bundle internal success
4-9-2024 20:07:19 - debug: ouput config of bundle main
4-9-2024 20:07:19 - debug: output config of bundle main success
4-9-2024 20:07:19 - debug: Output asset in bundles success, progress: 41%
4-9-2024 20:07:19 - debug: // ---- build task Query asset bundle ---- (150ms)
4-9-2024 20:07:19 - debug: run build task Query asset bundle success in 150 ms√, progress: 46%
4-9-2024 20:07:19 - debug: [Build Memory track]: Query asset bundle start:198.94MB, end 199.28MB, increase: 346.57KB
4-9-2024 20:07:19 - debug: Sort some build options to settings.json start, progress: 46%
4-9-2024 20:07:19 - debug: // ---- build task Sort some build options to settings.json ----
4-9-2024 20:07:19 - debug: // ---- build task Sort some build options to settings.json ---- (75ms)
4-9-2024 20:07:19 - debug: run build task Sort some build options to settings.json success in 75 ms√, progress: 47%
4-9-2024 20:07:19 - debug: [Build Memory track]: Sort some build options to settings.json start:199.29MB, end 199.40MB, increase: 113.50KB
4-9-2024 20:07:19 - debug: Fill script data to settings start, progress: 47%
4-9-2024 20:07:19 - debug: // ---- build task Fill script data to settings ----
4-9-2024 20:07:19 - debug: // ---- build task Fill script data to settings ---- (56ms)
4-9-2024 20:07:19 - debug: run build task Fill script data to settings success in 56 ms√, progress: 49%
4-9-2024 20:07:19 - debug: [Build Memory track]: Fill script data to settings start:199.42MB, end 199.53MB, increase: 117.23KB
4-9-2024 20:07:19 - debug: Sort some build options to settings.json start, progress: 49%
4-9-2024 20:07:19 - debug: // ---- build task Sort some build options to settings.json ----
4-9-2024 20:07:19 - debug: // ---- build task Sort some build options to settings.json ---- (56ms)
4-9-2024 20:07:19 - debug: run build task Sort some build options to settings.json success in 56 ms√, progress: 51%
4-9-2024 20:07:19 - debug: [Build Memory track]: Sort some build options to settings.json start:199.55MB, end 198.92MB, increase: -642.40KB
4-9-2024 20:07:19 - debug: cocos-service:(onBeforeCompressSettings) start..., progress: 51%
4-9-2024 20:07:19 - debug: // ---- build task cocos-service：onBeforeCompressSettings ----
4-9-2024 20:07:20 - debug: // ---- build task cocos-service：onBeforeCompressSettings ---- (304ms)
4-9-2024 20:07:20 - debug: cocos-service:(onBeforeCompressSettings) in 304 ms ✓, progress: 53%
4-9-2024 20:07:20 - debug: Save Settings.json start, progress: 53%
4-9-2024 20:07:20 - debug: // ---- build task Save Settings.json ----
4-9-2024 20:07:20 - debug: // ---- build task Save Settings.json ---- (54ms)
4-9-2024 20:07:20 - debug: run build task Save Settings.json success in 54 ms√, progress: 55%
4-9-2024 20:07:20 - debug: [Build Memory track]: Save Settings.json start:199.12MB, end 199.29MB, increase: 168.88KB
4-9-2024 20:07:20 - debug: Sort build template start, progress: 55%
4-9-2024 20:07:20 - debug: // ---- build task Sort build template ----
4-9-2024 20:07:20 - debug: // ---- build task Sort build template ---- (133ms)
4-9-2024 20:07:20 - debug: run build task Sort build template success in 133 ms√, progress: 58%
4-9-2024 20:07:20 - debug: [Build Memory track]: Sort build template start:199.30MB, end 199.63MB, increase: 330.81KB
4-9-2024 20:07:20 - debug: native:(onAfterCompressSettings) start..., progress: 58%
4-9-2024 20:07:20 - debug: // ---- build task native：onAfterCompressSettings ----
4-9-2024 20:07:20 - debug: generateCMakeConfig, {"CC_USE_GLES3":"set(CC_USE_GLES3 ON)","CC_USE_GLES2":"set(CC_USE_GLES2 ON)","USE_SERVER_MODE":"set(USE_SERVER_MODE OFF)","NET_MODE":"set(NET_MODE 0)","XXTEAKEY":"","CC_ENABLE_SWAPPY":"set(CC_ENABLE_SWAPPY OFF)","APP_NAME":"set(APP_NAME \"NewProject_1\")","COCOS_X_PATH":"set(COCOS_X_PATH \"C:/ProgramData/cocos/editors/Creator/3.8.2/resources/resources/3d/engine/native\")","USE_JOB_SYSTEM_TASKFLOW":"set(USE_JOB_SYSTEM_TASKFLOW OFF)","USE_JOB_SYSTEM_TBB":"set(USE_JOB_SYSTEM_TBB OFF)","ENABLE_FLOAT_OUTPUT":"set(ENABLE_FLOAT_OUTPUT OFF)","USE_PHYSICS_PHYSX":"set(USE_PHYSICS_PHYSX OFF)","USE_OCCLUSION_QUERY":"set(USE_OCCLUSION_QUERY OFF)","USE_GEOMETRY_RENDERER":"set(USE_GEOMETRY_RENDERER OFF)","USE_DEBUG_RENDERER":"set(USE_DEBUG_RENDERER OFF)","USE_AUDIO":"set(USE_AUDIO ON)","USE_VIDEO":"set(USE_VIDEO ON)","USE_WEBVIEW":"set(USE_WEBVIEW ON)","USE_SOCKET":"set(USE_SOCKET OFF)","USE_WEBSOCKET_SERVER":"set(USE_WEBSOCKET_SERVER OFF)","USE_SPINE":"set(USE_SPINE ON)","USE_DRAGONBONES":"set(USE_DRAGONBONES ON)","CC_EXECUTABLE_NAME":"set(CC_EXECUTABLE_NAME \"NewProject_1\")","CC_USE_VULKAN":"set(CC_USE_VULKAN OFF)"}
4-9-2024 20:07:20 - log: While replace template content, file C:\Users\DELL\NewProject_1\build\windows\proj\main.cpp
4-9-2024 20:07:20 - log: While replace template content, file C:\Users\DELL\NewProject_1\build\windows\proj\main.m
4-9-2024 20:07:20 - log: While replace template content, file C:\Users\DELL\NewProject_1\build\windows\proj\settings.gradle
4-9-2024 20:07:20 - log: While replace template content, file C:\Users\DELL\NewProject_1\native\engine\win64/app/build.gradle
4-9-2024 20:07:20 - log: While replace template content, file C:\Users\DELL\NewProject_1\native\engine\win64/instantapp/build.gradle
4-9-2024 20:07:20 - log: While replace template content, file C:\Users\DELL\NewProject_1\native\engine\win64/entry/src/main/config.json
4-9-2024 20:07:20 - debug: // ---- build task native：onAfterCompressSettings ---- (90ms)
4-9-2024 20:07:20 - debug: native:(onAfterCompressSettings) in 90 ms ✓, progress: 60%
4-9-2024 20:07:20 - debug: cocos-service:(onAfterCompressSettings) start..., progress: 60%
4-9-2024 20:07:20 - debug: // ---- build task cocos-service：onAfterCompressSettings ----
4-9-2024 20:07:20 - debug: // ---- build task cocos-service：onAfterCompressSettings ---- (284ms)
4-9-2024 20:07:20 - debug: cocos-service:(onAfterCompressSettings) in 284 ms ✓, progress: 62%
4-9-2024 20:07:20 - debug: native:(onAfterBuild) start..., progress: 62%
4-9-2024 20:07:20 - debug: // ---- build task native：onAfterBuild ----
4-9-2024 20:07:20 - log: selecting visual studio generator ...
4-9-2024 20:07:20 - log: run C:\ProgramData\cocos\editors\Creator\3.8.2\resources\tools\cmake\bin\cmake.exe -S"C:\Users\DELL\AppData\Local\Temp\cmakeTest_oNniTO" -G"Visual Studio 17 2022" -B"C:\Users\DELL\AppData\Local\Temp\cmakeTest_oNniTO\build_Visual_Studio_17_2022" -A x64
4-9-2024 20:07:20 - error: [cmake-err] CMake Error at CMakeLists.txt:4 (project):  Generator    Visual Studio 17 2022  could not find any instance of Visual Studio.
4-9-2024 20:07:20 - log: [cmake] -- Configuring incomplete, errors occurred!See also "C:/Users/DELL/AppData/Local/Temp/cmakeTest_oNniTO/build_Visual_Studio_17_2022/CMakeFiles/CMakeOutput.log".
4-9-2024 20:07:20 - debug: Error: run cmake failed "cmake -S"C:\Users\DELL\AppData\Local\Temp\cmakeTest_oNniTO" -G"Visual Studio 17 2022" -B"C:\Users\DELL\AppData\Local\Temp\cmakeTest_oNniTO\build_Visual_Studio_17_2022" -A x64", code: 1, signal: null    at ChildProcess.<anonymous> (C:\ProgramData\cocos\editors\Creator\3.8.2\resources\resources\3d\engine\scripts\native-pack-tool\source\utils.ts:484:28)    at ChildProcess.emit (events.js:315:20)    at maybeClose (internal/child_process.js:1048:16)    at Socket.<anonymous> (internal/child_process.js:439:11)    at Socket.emit (events.js:315:20)    at Pipe.<anonymous> (net.js:673:12)
4-9-2024 20:07:20 - log: run C:\ProgramData\cocos\editors\Creator\3.8.2\resources\tools\cmake\bin\cmake.exe -S"C:\Users\DELL\AppData\Local\Temp\cmakeTest_oNniTO" -G"Visual Studio 16 2019" -B"C:\Users\DELL\AppData\Local\Temp\cmakeTest_oNniTO\build_Visual_Studio_16_2019" -A x64
4-9-2024 20:07:20 - error: [cmake-err] CMake Error at CMakeLists.txt:4 (project):  Generator    Visual Studio 16 2019  could not find any instance of Visual Studio.
4-9-2024 20:07:20 - log: [cmake] -- Configuring incomplete, errors occurred!See also "C:/Users/DELL/AppData/Local/Temp/cmakeTest_oNniTO/build_Visual_Studio_16_2019/CMakeFiles/CMakeOutput.log".
4-9-2024 20:07:20 - debug: Error: run cmake failed "cmake -S"C:\Users\DELL\AppData\Local\Temp\cmakeTest_oNniTO" -G"Visual Studio 16 2019" -B"C:\Users\DELL\AppData\Local\Temp\cmakeTest_oNniTO\build_Visual_Studio_16_2019" -A x64", code: 1, signal: null    at ChildProcess.<anonymous> (C:\ProgramData\cocos\editors\Creator\3.8.2\resources\resources\3d\engine\scripts\native-pack-tool\source\utils.ts:484:28)    at ChildProcess.emit (events.js:315:20)    at maybeClose (internal/child_process.js:1048:16)    at Process.onexit (internal/child_process.js:288:5)
4-9-2024 20:07:20 - log: run C:\ProgramData\cocos\editors\Creator\3.8.2\resources\tools\cmake\bin\cmake.exe -S"C:\Users\DELL\AppData\Local\Temp\cmakeTest_oNniTO" -G"Visual Studio 15 2017" -B"C:\Users\DELL\AppData\Local\Temp\cmakeTest_oNniTO\build_Visual_Studio_15_2017" -A x64
4-9-2024 20:07:21 - error: [cmake-err] CMake Error at CMakeLists.txt:4 (project):  Generator    Visual Studio 15 2017  could not find any instance of Visual Studio.
4-9-2024 20:07:21 - log: [cmake] -- Configuring incomplete, errors occurred!See also "C:/Users/DELL/AppData/Local/Temp/cmakeTest_oNniTO/build_Visual_Studio_15_2017/CMakeFiles/CMakeOutput.log".
4-9-2024 20:07:21 - debug: Error: run cmake failed "cmake -S"C:\Users\DELL\AppData\Local\Temp\cmakeTest_oNniTO" -G"Visual Studio 15 2017" -B"C:\Users\DELL\AppData\Local\Temp\cmakeTest_oNniTO\build_Visual_Studio_15_2017" -A x64", code: 1, signal: null    at ChildProcess.<anonymous> (C:\ProgramData\cocos\editors\Creator\3.8.2\resources\resources\3d\engine\scripts\native-pack-tool\source\utils.ts:484:28)    at ChildProcess.emit (events.js:315:20)    at maybeClose (internal/child_process.js:1048:16)    at Process.onexit (internal/child_process.js:288:5)
4-9-2024 20:07:21 - log: run C:\ProgramData\cocos\editors\Creator\3.8.2\resources\tools\cmake\bin\cmake.exe -S"C:\Users\DELL\AppData\Local\Temp\cmakeTest_oNniTO" -G"Visual Studio 14 2015" -B"C:\Users\DELL\AppData\Local\Temp\cmakeTest_oNniTO\build_Visual_Studio_14_2015" -A x64
4-9-2024 20:07:21 - log: [cmake] -- Selecting Windows SDK version  to target Windows 10.0.19045.
4-9-2024 20:07:21 - error: [cmake-err] CMake Error at CMakeLists.txt:4 (project):  Failed to run MSBuild command:    MSBuild.exe  to get the value of VCTargetsPath:    The system cannot find the file specified
4-9-2024 20:07:21 - log: [cmake] -- Configuring incomplete, errors occurred!See also "C:/Users/DELL/AppData/Local/Temp/cmakeTest_oNniTO/build_Visual_Studio_14_2015/CMakeFiles/CMakeOutput.log".
4-9-2024 20:07:21 - debug: Error: run cmake failed "cmake -S"C:\Users\DELL\AppData\Local\Temp\cmakeTest_oNniTO" -G"Visual Studio 14 2015" -B"C:\Users\DELL\AppData\Local\Temp\cmakeTest_oNniTO\build_Visual_Studio_14_2015" -A x64", code: 1, signal: null    at ChildProcess.<anonymous> (C:\ProgramData\cocos\editors\Creator\3.8.2\resources\resources\3d\engine\scripts\native-pack-tool\source\utils.ts:484:28)    at ChildProcess.emit (events.js:315:20)    at maybeClose (internal/child_process.js:1048:16)    at Process.onexit (internal/child_process.js:288:5)
4-9-2024 20:07:21 - log: run C:\ProgramData\cocos\editors\Creator\3.8.2\resources\tools\cmake\bin\cmake.exe -S"C:\Users\DELL\AppData\Local\Temp\cmakeTest_oNniTO" -G"Visual Studio 12 2013" -B"C:\Users\DELL\AppData\Local\Temp\cmakeTest_oNniTO\build_Visual_Studio_12_2013" -A x64
4-9-2024 20:07:21 - error: [cmake-err] CMake Error at CMakeLists.txt:4 (project):  Failed to run MSBuild command:    MSBuild.exe  to get the value of VCTargetsPath:    The system cannot find the file specified
4-9-2024 20:07:21 - log: [cmake] -- Configuring incomplete, errors occurred!See also "C:/Users/DELL/AppData/Local/Temp/cmakeTest_oNniTO/build_Visual_Studio_12_2013/CMakeFiles/CMakeOutput.log".
4-9-2024 20:07:21 - debug: Error: run cmake failed "cmake -S"C:\Users\DELL\AppData\Local\Temp\cmakeTest_oNniTO" -G"Visual Studio 12 2013" -B"C:\Users\DELL\AppData\Local\Temp\cmakeTest_oNniTO\build_Visual_Studio_12_2013" -A x64", code: 1, signal: null    at ChildProcess.<anonymous> (C:\ProgramData\cocos\editors\Creator\3.8.2\resources\resources\3d\engine\scripts\native-pack-tool\source\utils.ts:484:28)    at ChildProcess.emit (events.js:315:20)    at maybeClose (internal/child_process.js:1048:16)    at Process.onexit (internal/child_process.js:288:5)
4-9-2024 20:07:21 - log: run C:\ProgramData\cocos\editors\Creator\3.8.2\resources\tools\cmake\bin\cmake.exe -S"C:\Users\DELL\AppData\Local\Temp\cmakeTest_oNniTO" -G"Visual Studio 11 2012" -B"C:\Users\DELL\AppData\Local\Temp\cmakeTest_oNniTO\build_Visual_Studio_11_2012" -A x64
4-9-2024 20:07:21 - log: [cmake-warn] CMake Error at CMakeLists.txt:4 (project):  Failed to run MSBuild command:    C:/Windows/Microsoft.NET/Framework/v4.0.30319/MSBuild.exe  to get the value of VCTargetsPath:    Microsoft (R) Build Engine version 4.8.9037.0    [Microsoft .NET Framework, version 4.0.30319.42000]    Copyright (C) Microsoft Corporation. All rights reserved.        Build started 09-04-2024 20:07:21.    Project "C:\Users\DELL\AppData\Local\Temp\cmakeTest_oNniTO\build_Visual_Studio_11_2012\CMakeFiles\3.24.3\VCTargetsPath.vcxproj" on node 1 (default targets).    C:\Users\DELL\AppData\Local\Temp\cmakeTest_oNniTO\build_Visual_Studio_11_2012\CMakeFiles\3.24.3\VCTargetsPath.vcxproj(14,2): error MSB4019: The imported project "C:\Microsoft.Cpp.Default.props" was not found. Confirm that the path in the <Import> declaration is correct, and that the file exists on disk.    Done Building Project "C:\Users\DELL\AppData\Local\Temp\cmakeTest_oNniTO\build_Visual_Studio_11_2012\CMakeFiles\3.24.3\VCTargetsPath.vcxproj" (default targets) -- FAILED.        Build FAILED.        "C:\Users\DELL\AppData\Local\Temp\cmakeTest_oNniTO\build_Visual_Studio_11_2012\CMakeFiles\3.24.3\VCTargetsPath.vcxproj" (default target) (1) ->      C:\Users\DELL\AppData\Local\Temp\cmakeTest_oNniTO\build_Visual_Studio_11_2012\CMakeFiles\3.24.3\VCTargetsPath.vcxproj(14,2): error MSB4019: The imported project "C:\Microsoft.Cpp.Default.props" was not found. Confirm that the path in the <Import> declaration is correct, and that the file exists on disk.            0 Warning(s)        1 Error(s)        Time Elapsed 00:00:00.22      Exit code: 1
4-9-2024 20:07:21 - log: [cmake] -- Configuring incomplete, errors occurred!See also "C:/Users/DELL/AppData/Local/Temp/cmakeTest_oNniTO/build_Visual_Studio_11_2012/CMakeFiles/CMakeOutput.log".
4-9-2024 20:07:21 - debug: Error: run cmake failed "cmake -S"C:\Users\DELL\AppData\Local\Temp\cmakeTest_oNniTO" -G"Visual Studio 11 2012" -B"C:\Users\DELL\AppData\Local\Temp\cmakeTest_oNniTO\build_Visual_Studio_11_2012" -A x64", code: 1, signal: null    at ChildProcess.<anonymous> (C:\ProgramData\cocos\editors\Creator\3.8.2\resources\resources\3d\engine\scripts\native-pack-tool\source\utils.ts:484:28)    at ChildProcess.emit (events.js:315:20)    at maybeClose (internal/child_process.js:1048:16)    at Process.onexit (internal/child_process.js:288:5)
4-9-2024 20:07:21 - log: run C:\ProgramData\cocos\editors\Creator\3.8.2\resources\tools\cmake\bin\cmake.exe -S"C:\Users\DELL\AppData\Local\Temp\cmakeTest_oNniTO" -G"Visual Studio 10 2010" -B"C:\Users\DELL\AppData\Local\Temp\cmakeTest_oNniTO\build_Visual_Studio_10_2010" -A x64
4-9-2024 20:07:22 - log: [cmake-warn] CMake Error at CMakeLists.txt:4 (project):  Failed to run MSBuild command:    C:/Windows/Microsoft.NET/Framework/v4.0.30319/MSBuild.exe  to get the value of VCTargetsPath:    Microsoft (R) Build Engine version 4.8.9037.0    [Microsoft .NET Framework, version 4.0.30319.42000]    Copyright (C) Microsoft Corporation. All rights reserved.        Build started 09-04-2024 20:07:22.    Project "C:\Users\DELL\AppData\Local\Temp\cmakeTest_oNniTO\build_Visual_Studio_10_2010\CMakeFiles\3.24.3\VCTargetsPath.vcxproj" on node 1 (default targets).    C:\Users\DELL\AppData\Local\Temp\cmakeTest_oNniTO\build_Visual_Studio_10_2010\CMakeFiles\3.24.3\VCTargetsPath.vcxproj(14,2): error MSB4019: The imported project "C:\Microsoft.Cpp.Default.props" was not found. Confirm that the path in the <Import> declaration is correct, and that the file exists on disk.    Done Building Project "C:\Users\DELL\AppData\Local\Temp\cmakeTest_oNniTO\build_Visual_Studio_10_2010\CMakeFiles\3.24.3\VCTargetsPath.vcxproj" (default targets) -- FAILED.        Build FAILED.        "C:\Users\DELL\AppData\Local\Temp\cmakeTest_oNniTO\build_Visual_Studio_10_2010\CMakeFiles\3.24.3\VCTargetsPath.vcxproj" (default target) (1) ->      C:\Users\DELL\AppData\Local\Temp\cmakeTest_oNniTO\build_Visual_Studio_10_2010\CMakeFiles\3.24.3\VCTargetsPath.vcxproj(14,2): error MSB4019: The imported project "C:\Microsoft.Cpp.Default.props" was not found. Confirm that the path in the <Import> declaration is correct, and that the file exists on disk.            0 Warning(s)        1 Error(s)        Time Elapsed 00:00:00.19      Exit code: 1
4-9-2024 20:07:22 - log: [cmake] -- Configuring incomplete, errors occurred!See also "C:/Users/DELL/AppData/Local/Temp/cmakeTest_oNniTO/build_Visual_Studio_10_2010/CMakeFiles/CMakeOutput.log".
4-9-2024 20:07:22 - debug: Error: run cmake failed "cmake -S"C:\Users\DELL\AppData\Local\Temp\cmakeTest_oNniTO" -G"Visual Studio 10 2010" -B"C:\Users\DELL\AppData\Local\Temp\cmakeTest_oNniTO\build_Visual_Studio_10_2010" -A x64", code: 1, signal: null    at ChildProcess.<anonymous> (C:\ProgramData\cocos\editors\Creator\3.8.2\resources\resources\3d\engine\scripts\native-pack-tool\source\utils.ts:484:28)    at ChildProcess.emit (events.js:315:20)    at maybeClose (internal/child_process.js:1048:16)    at Process.onexit (internal/child_process.js:288:5)
4-9-2024 20:07:22 - log: run C:\ProgramData\cocos\editors\Creator\3.8.2\resources\tools\cmake\bin\cmake.exe -S"C:\Users\DELL\AppData\Local\Temp\cmakeTest_oNniTO" -G"Visual Studio 9 2008" -B"C:\Users\DELL\AppData\Local\Temp\cmakeTest_oNniTO\build_Visual_Studio_9_2008" -A x64
4-9-2024 20:07:22 - log: [cmake] -- The CXX compiler identification is unknown
4-9-2024 20:07:22 - error: [cmake-err] CMake Error at CMakeLists.txt:4 (project):  No CMAKE_CXX_COMPILER could be found.
4-9-2024 20:07:22 - log: [cmake] -- Configuring incomplete, errors occurred!See also "C:/Users/DELL/AppData/Local/Temp/cmakeTest_oNniTO/build_Visual_Studio_9_2008/CMakeFiles/CMakeOutput.log".See also "C:/Users/DELL/AppData/Local/Temp/cmakeTest_oNniTO/build_Visual_Studio_9_2008/CMakeFiles/CMakeError.log".
4-9-2024 20:07:22 - debug: Error: run cmake failed "cmake -S"C:\Users\DELL\AppData\Local\Temp\cmakeTest_oNniTO" -G"Visual Studio 9 2008" -B"C:\Users\DELL\AppData\Local\Temp\cmakeTest_oNniTO\build_Visual_Studio_9_2008" -A x64", code: 1, signal: null    at ChildProcess.<anonymous> (C:\ProgramData\cocos\editors\Creator\3.8.2\resources\resources\3d\engine\scripts\native-pack-tool\source\utils.ts:484:28)    at ChildProcess.emit (events.js:315:20)    at maybeClose (internal/child_process.js:1048:16)    at Process.onexit (internal/child_process.js:288:5)
4-9-2024 20:07:22 - log: run C:\ProgramData\cocos\editors\Creator\3.8.2\resources\tools\cmake\bin\cmake.exe -S"C:/Users/DELL/NewProject_1/native/engine/win64" -B"C:/Users/DELL/NewProject_1/build/windows/proj" -DRES_DIR="C:/Users/DELL/NewProject_1/build/windows" -DAPP_NAME="NewProject_1" -DLAUNCH_TYPE="Release"
4-9-2024 20:07:22 - log: [cmake] -- Building for: NMake Makefiles
4-9-2024 20:07:22 - error: [cmake-err] CMake Error at CMakeLists.txt:4 (project):  Running   'nmake' '-?'  failed with:   The system cannot find the file specifiedCMake Error: CMAKE_CXX_COMPILER not set, after EnableLanguage
4-9-2024 20:07:22 - log: [cmake] -- Configuring incomplete, errors occurred!See also "C:/Users/DELL/NewProject_1/build/windows/proj/CMakeFiles/CMakeOutput.log".
4-9-2024 20:07:22 - debug: Run build plugin native : onAfterBuild failed!, progress: 64%
4-9-2024 20:07:22 - debug: Error: run cmake failed "cmake -S"C:/Users/DELL/NewProject_1/native/engine/win64" -B"C:/Users/DELL/NewProject_1/build/windows/proj" -DRES_DIR="C:/Users/DELL/NewProject_1/build/windows" -DAPP_NAME="NewProject_1" -DLAUNCH_TYPE="Release"", code: 1, signal: null, progress: 67%
4-9-2024 20:07:22 - debug: [Build Memory track]: builder:build-project-total start:197.33MB, end 202.04MB, increase: 4.71MB
4-9-2024 20:07:22 - log: Asset DB is resume!
4-9-2024 20:07:22 - debug: builder:build-project-total (58931ms)
4-9-2024 20:07:22 - debug: build success in 58931!
4-9-2024 20:07:22 - error: Error: run cmake failed "cmake -S"C:/Users/DELL/NewProject_1/native/engine/win64" -B"C:/Users/DELL/NewProject_1/build/windows/proj" -DRES_DIR="C:/Users/DELL/NewProject_1/build/windows" -DAPP_NAME="NewProject_1" -DLAUNCH_TYPE="Release"", code: 1, signal: null    at ChildProcess.<anonymous> (C:\ProgramData\cocos\editors\Creator\3.8.2\resources\resources\3d\engine\scripts\native-pack-tool\source\utils.ts:484:28)    at ChildProcess.emit (events.js:315:20)    at maybeClose (internal/child_process.js:1048:16)    at Process.onexit (internal/child_process.js:288:5)
4-9-2024 20:07:22 - debug: ================================ build Task (windows) Finished in (58 s)ms ================================
4-9-2024 20:07:26 - debug: // ---- builder:run-build-stage-run ----
4-9-2024 20:07:26 - debug: Use build file cocos.compile.config.json in root(C:\Users\DELL\NewProject_1\build\windows)
4-9-2024 20:07:26 - log: [task:run]: init options success, 10%
4-9-2024 20:07:26 - log: [task:run]: native:(run) start..., 10%
4-9-2024 20:07:26 - debug: // ---- build task native：run ----
4-9-2024 20:07:26 - debug: refresh db assets success
4-9-2024 20:07:26 - debug: Run asset db hook engine-extends:afterRefresh ...
4-9-2024 20:07:26 - debug: Run asset db hook engine-extends:afterRefresh success!
4-9-2024 20:07:26 - debug: asset-db:refresh-all-database (171ms)
4-9-2024 20:07:26 - debug: asset-db:worker-effect-data-processing (37ms)
4-9-2024 20:07:26 - debug: asset-db-hook-engine-extends-afterRefresh (37ms)
4-9-2024 20:07:26 - log: [task:run]: Run build plugin native : run failed!, 23.333333333333332%
4-9-2024 20:07:26 - log: [task:run]: Error: [windows run] 'NewProject_1' is not found within ' + C:\Users\DELL\NewProject_1\build\windows\proj\Release!, 36.66666666666667%
4-9-2024 20:07:26 - warn: Error: [windows run] 'NewProject_1' is not found within ' + C:\Users\DELL\NewProject_1\build\windows\proj\Release!    at WindowsPackTool.run (C:\ProgramData\cocos\editors\Creator\3.8.2\resources\resources\3d\engine\scripts\native-pack-tool\source\platforms\windows.ts:131:19)    at NativePackToolManager.run (C:\ProgramData\cocos\editors\Creator\3.8.2\resources\resources\3d\engine\scripts\native-pack-tool\source\base\manager.ts:65:20)    at PackToolHandler.runTask (C:\ProgramData\cocos\editors\Creator\3.8.2\resources\app.asar\modules\platform-extensions\extensions\native\dist\builder\native-utils\index.ccc:1:3154)    at BuildStageTask.run (C:\ProgramData\cocos\editors\Creator\3.8.2\resources\app.asar\modules\platform-extensions\extensions\native\dist\builder\hooks.ccc:1:7192)    at BuildStageTask.handleHook (C:\ProgramData\cocos\editors\Creator\3.8.2\resources\app.asar\builtin\builder\dist\worker\builder\stage-task-manager.ccc:1:1611)    at BuildStageTask.runPluginTask (C:\ProgramData\cocos\editors\Creator\3.8.2\resources\app.asar\builtin\builder\dist\worker\builder\manager\task-base.ccc:1:1226)    at BuildStageTask.run (C:\ProgramData\cocos\editors\Creator\3.8.2\resources\app.asar\builtin\builder\dist\worker\builder\stage-task-manager.ccc:1:1370)    at excuteBuildStageTask (C:\ProgramData\cocos\editors\Creator\3.8.2\resources\app.asar\builtin\builder\dist\worker\index.ccc:1:7554)    at Ipc.<anonymous> (C:\ProgramData\cocos\editors\Creator\3.8.2\resources\app.asar\builtin\builder\dist\worker\msg-util.ccc:1:202)
4-9-2024 20:07:26 - debug: // ---- builder:run-build-stage-run ---- (105ms)
4-9-2024 20:07:26 - debug: [Build Memory track]: builder:build-stage-total run start:203.53MB, end 204.64MB, increase: 1.11MB
4-9-2024 20:07:26 - error: run package C:\Users\DELL\NewProject_1\build\windows failed!
4-9-2024 20:07:26 - log: [task:run]: failed!
4-9-2024 20:07:30 - debug: =================================== build Task (windows) Start ================================
4-9-2024 20:07:30 - debug: Start build task, options:{"name":"NewProject_1","server":"","platform":"windows","buildPath":"project://build","debug":false,"md5Cache":false,"skipCompressTexture":false,"sourceMaps":false,"polyfills":{"asyncFunctions":false},"experimentalEraseModules":false,"startSceneAssetBundle":false,"bundleConfigs":[],"useBuiltinServer":false,"mainBundleIsRemote":false,"mainBundleCompressionType":"merge_dep","useSplashScreen":true,"bundleCommonChunk":false,"packAutoAtlas":true,"startScene":"fa890cbe-86c0-4e5a-ae6f-48886d1d3666","outputName":"windows","taskName":"windows","scenes":[{"url":"db://assets/Scenes/scene.scene","uuid":"fa890cbe-86c0-4e5a-ae6f-48886d1d3666"}],"buildMode":"normal","packages":{"windows":{"executableName":"","renderBackEnd":{"vulkan":false,"gles3":true,"gles2":true},"targetPlatform":"x64","__version__":"1.0.1","vsData":""},"engine":{"cleanupImageCache":"inheritProjectSetting","__version__":"1.0.8"},"cocos-service":{"configID":"39fa43","services":[]},"native":{"encrypted":false,"xxteaKey":"63lAx5SN9Ci4oy3q","compressZip":false,"JobSystem":"none","__version__":"1.0.2"}},"__version__":"1.3.7","logDest":"project://temp/builder/log/windows9-4-2024 20-06.log"}
4-9-2024 20:07:30 - debug: Build with Cocos Creator 3.8.2
4-9-2024 20:07:30 - debug: native:(onBeforeBuild) start..., progress: 0%
4-9-2024 20:07:30 - debug: // ---- build task native：onBeforeBuild ----
4-9-2024 20:07:30 - debug: // ---- build task native：onBeforeBuild ---- (19ms)
4-9-2024 20:07:30 - debug: native:(onBeforeBuild) in 19 ms ✓, progress: 2%
4-9-2024 20:07:30 - debug: cocos-service:(onBeforeBuild) start..., progress: 2%
4-9-2024 20:07:30 - debug: // ---- build task cocos-service：onBeforeBuild ----
4-9-2024 20:07:30 - debug: // ---- build task cocos-service：onBeforeBuild ---- (315ms)
4-9-2024 20:07:30 - debug: cocos-service:(onBeforeBuild) in 315 ms ✓, progress: 4%
4-9-2024 20:07:30 - debug: scene:(onBeforeBuild) start..., progress: 4%
4-9-2024 20:07:30 - debug: // ---- build task scene：onBeforeBuild ----
4-9-2024 20:07:30 - debug: // ---- build task scene：onBeforeBuild ---- (55ms)
4-9-2024 20:07:30 - debug: scene:(onBeforeBuild) in 55 ms ✓, progress: 7%
4-9-2024 20:07:30 - debug: Start lock asset db..., progress: 7%
4-9-2024 20:07:30 - log: Asset DB is paused with build!
4-9-2024 20:07:30 - debug: Query all assets info in project
4-9-2024 20:07:31 - debug: init custom config: keepNodeUuid: false, useCache: true
4-9-2024 20:07:31 - debug:   Number of all scenes: 1
4-9-2024 20:07:31 - debug:   Number of all scripts: 8
4-9-2024 20:07:31 - debug:   Number of other assets: 355
4-9-2024 20:07:31 - debug: native:(onAfterInit) start..., progress: 7%
4-9-2024 20:07:31 - debug: // ---- build task native：onAfterInit ----
4-9-2024 20:07:31 - debug: Native engine root:C:\ProgramData\cocos\editors\Creator\3.8.2\resources\resources\3d\engine\native
4-9-2024 20:07:31 - debug: // ---- build task native：onAfterInit ---- (56ms)
4-9-2024 20:07:31 - debug: native:(onAfterInit) in 56 ms ✓, progress: 9%
4-9-2024 20:07:31 - debug: windows:(onAfterInit) start..., progress: 9%
4-9-2024 20:07:31 - debug: // ---- build task windows：onAfterInit ----
4-9-2024 20:07:31 - debug: // ---- build task windows：onAfterInit ---- (49ms)
4-9-2024 20:07:31 - debug: windows:(onAfterInit) in 49 ms ✓, progress: 11%
4-9-2024 20:07:31 - debug: cocos-service:(onAfterInit) start..., progress: 11%
4-9-2024 20:07:31 - debug: // ---- build task cocos-service：onAfterInit ----
4-9-2024 20:07:31 - debug: // ---- build task cocos-service：onAfterInit ---- (314ms)
4-9-2024 20:07:31 - debug: cocos-service:(onAfterInit) in 314 ms ✓, progress: 13%
4-9-2024 20:07:31 - debug: engine:(onAfterInit) start..., progress: 13%
4-9-2024 20:07:31 - debug: // ---- build task engine：onAfterInit ----
4-9-2024 20:07:31 - debug: // ---- build task engine：onAfterInit ---- (56ms)
4-9-2024 20:07:31 - debug: engine:(onAfterInit) in 56 ms ✓, progress: 16%
4-9-2024 20:07:31 - debug: adsense-h5g-plugin:(onBeforeBundleInit) start..., progress: 16%
4-9-2024 20:07:31 - debug: // ---- build task adsense-h5g-plugin：onBeforeBundleInit ----
4-9-2024 20:07:31 - debug: [adsense-h5g-plugin] remove script success
4-9-2024 20:07:31 - debug: // ---- build task adsense-h5g-plugin：onBeforeBundleInit ---- (52ms)
4-9-2024 20:07:31 - debug: adsense-h5g-plugin:(onBeforeBundleInit) in 52 ms ✓, progress: 16%
4-9-2024 20:07:31 - debug: Init all bundles start..., progress: 16%
4-9-2024 20:07:31 - debug: Num of bundles: 2..., progress: 16%
4-9-2024 20:07:31 - debug: reload all scripts.
4-9-2024 20:07:31 - debug: Set detail map pack:///resolution-detail-map.json: {}
4-9-2024 20:07:31 - groupCollapsed: Invalidate all modules
4-9-2024 20:07:31 - debug: Unregister DebugViewRuntimeControl
4-9-2024 20:07:31 - debug: Unregister Bird
4-9-2024 20:07:31 - debug: Unregister BirdAudio
4-9-2024 20:07:31 - debug: Unregister Ground
4-9-2024 20:07:31 - debug: Unregister Results
4-9-2024 20:07:31 - debug: Unregister PipePool
4-9-2024 20:07:31 - debug: Unregister GameCtrl
4-9-2024 20:07:31 - debug: Unregister Pipes
4-9-2024 20:07:31 - debug: Invalidating 'pack:///chunks/93/93ba276ea7b26ffcdc433fab14afc1ed6f05647b.js'
4-9-2024 20:07:31 - debug: Invalidating 'pack:///chunks/6d/6d8fd2b0177941b032ddc0733af48a561fb60657.js'
4-9-2024 20:07:31 - debug: Invalidating 'pack:///chunks/dd/dd8ffe4b66ab421921fe26a7524871e3101b074e.js'
4-9-2024 20:07:31 - debug: Invalidating 'pack:///chunks/17/17491505490b2b21f7dc552d1240e955b058cdf0.js'
4-9-2024 20:07:31 - debug: Invalidating 'pack:///chunks/8f/8fcc0891d09fa1631c70ddb0e75c6260fe62321f.js'
4-9-2024 20:07:31 - debug: Invalidating 'pack:///chunks/c6/c69ed17c83af632ef34866f9d9dd81ee75446530.js'
4-9-2024 20:07:31 - debug: Invalidating 'pack:///chunks/6a/6a5019a719a9014c047e67aa1cf34453ab8392ce.js'
4-9-2024 20:07:31 - debug: Invalidating 'pack:///chunks/05/05f869818c899a9e3c646ff426977c0f886f8420.js'
4-9-2024 20:07:31 - debug: Invalidating 'pack:///chunks/7d/7d0a109fe67192c411c9384bbc7233691f3e6b90.js'
4-9-2024 20:07:31 - debug: Invalidating 'pack:///chunks/bf/bf0dfff7ac0f97ba7460e07675753a614ef7b585.js'
4-9-2024 20:07:31 - debug: Invalidating 'pack:///chunks/34/340a10ff38b9c88bb6a98665c841f25ffb86ee0b.js'
4-9-2024 20:07:31 - groupEnd: Invalidate all modules
4-9-2024 20:07:31 - groupCollapsed: Imports all modules
4-9-2024 20:07:31 - debug: [[Executor]] Module "pack:///chunks/93/93ba276ea7b26ffcdc433fab14afc1ed6f05647b.js" loaded.
4-9-2024 20:07:31 - debug: [[Executor]] Module "pack:///chunks/6d/6d8fd2b0177941b032ddc0733af48a561fb60657.js" loaded.
4-9-2024 20:07:31 - debug: [[Executor]] Register DebugViewRuntimeControl
4-9-2024 20:07:31 - debug: [[Executor]] Module "pack:///chunks/dd/dd8ffe4b66ab421921fe26a7524871e3101b074e.js" loaded.
4-9-2024 20:07:31 - debug: [[Executor]] Register Bird
4-9-2024 20:07:31 - debug: [[Executor]] Module "pack:///chunks/17/17491505490b2b21f7dc552d1240e955b058cdf0.js" loaded.
4-9-2024 20:07:31 - debug: [[Executor]] Register BirdAudio
4-9-2024 20:07:31 - debug: [[Executor]] Module "pack:///chunks/8f/8fcc0891d09fa1631c70ddb0e75c6260fe62321f.js" loaded.
4-9-2024 20:07:31 - debug: [[Executor]] Module "pack:///chunks/6a/6a5019a719a9014c047e67aa1cf34453ab8392ce.js" loaded.
4-9-2024 20:07:31 - debug: [[Executor]] Register Ground
4-9-2024 20:07:31 - debug: [[Executor]] Module "pack:///chunks/bf/bf0dfff7ac0f97ba7460e07675753a614ef7b585.js" loaded.
4-9-2024 20:07:31 - debug: [[Executor]] Register Results
4-9-2024 20:07:31 - debug: [[Executor]] Module "pack:///chunks/7d/7d0a109fe67192c411c9384bbc7233691f3e6b90.js" loaded.
4-9-2024 20:07:31 - debug: [[Executor]] Register PipePool
4-9-2024 20:07:31 - debug: [[Executor]] Module "pack:///chunks/05/05f869818c899a9e3c646ff426977c0f886f8420.js" loaded.
4-9-2024 20:07:31 - debug: [[Executor]] Register GameCtrl
4-9-2024 20:07:31 - debug: [[Executor]] Module "pack:///chunks/c6/c69ed17c83af632ef34866f9d9dd81ee75446530.js" loaded.
4-9-2024 20:07:31 - debug: [[Executor]] Register Pipes
4-9-2024 20:07:31 - debug: [[Executor]] Module "pack:///chunks/34/340a10ff38b9c88bb6a98665c841f25ffb86ee0b.js" loaded.
4-9-2024 20:07:31 - debug: [[Executor]] Module "pack:///chunks/6d/6d8fd2b0177941b032ddc0733af48a561fb60657.js" loaded.
4-9-2024 20:07:31 - groupEnd: Imports all modules
4-9-2024 20:07:31 - debug: Incremental keys: 
4-9-2024 20:07:31 - debug: native:(onAfterBundleInit) start..., progress: 16%
4-9-2024 20:07:31 - debug: // ---- build task native：onAfterBundleInit ----
4-9-2024 20:07:31 - debug: // ---- build task native：onAfterBundleInit ---- (38ms)
4-9-2024 20:07:31 - debug: native:(onAfterBundleInit) in 38 ms ✓, progress: 16%
4-9-2024 20:07:31 - debug: windows:(onAfterBundleInit) start..., progress: 16%
4-9-2024 20:07:31 - debug: // ---- build task windows：onAfterBundleInit ----
4-9-2024 20:07:31 - debug: // ---- build task windows：onAfterBundleInit ---- (44ms)
4-9-2024 20:07:31 - debug: windows:(onAfterBundleInit) in 44 ms ✓, progress: 16%
4-9-2024 20:07:31 - debug: Query asset bundle start, progress: 16%
4-9-2024 20:07:31 - debug: // ---- build task Query asset bundle ----
4-9-2024 20:07:31 - debug: Init bundle root assets start..., progress: 16%
4-9-2024 20:07:31 - debug: Query preload assets from cc.config.json: 60f7195c-ec2a-45eb-ba94-8955f60e81d0,1c02ae6f-4492-4915-b8f8-7492a3b1e4cd,810e96e4-e456-4468-9b59-f4e8f39732c0,efe8e2a3-eace-427b-b4f1-cb8a937ec77d,e9aa9a3e-5b2b-4ac7-a2c7-073de2b2b24f,8bbdbcdd-5cd4-4100-b6d5-b7c9625b6107,50f4348b-c883-4e2f-8f11-ce233b859fa1,fda095cb-831d-4601-ad94-846013963de8,f92806d7-1768-443f-afe8-12bcde84d0f0,dd3a144d-ab7f-41f0-82b8-2e43a090d496,f0416e68-0200-4b77-a926-4f9d16e494da,970b0598-bcb0-4714-91fb-2e81440dccd8,bcd64cc6-2dd9-43f6-abbe-66318d332032,d930590d-bb92-4cc8-8bd1-23cd027f9edf,a3cd009f-0ab0-420d-9278-b9fdab939bbc,c27215d8-6835-4b68-bfbb-bdeac6100c04,b5d6115f-0370-4d7c-aad3-c194cc71cf98,871c3b6c-7379-419d-bda3-794b239ab90d
4-9-2024 20:07:31 - debug: Init bundle root assets success..., progress: 16%
4-9-2024 20:07:31 - debug: Init bundle share assets start..., progress: 16%
4-9-2024 20:07:31 - debug: Init bundle share assets success..., progress: 16%
4-9-2024 20:07:31 - debug: handle json group in bundle internal
4-9-2024 20:07:31 - debug: handle json group in bundle internal success
4-9-2024 20:07:31 - debug: handle json group in bundle main
4-9-2024 20:07:31 - debug: init image compress task 0 in bundle internal
4-9-2024 20:07:31 - debug: handle json group in bundle main success
4-9-2024 20:07:31 - debug: init image compress task 0 in bundle main
4-9-2024 20:07:31 - debug: // ---- build task Query asset bundle ---- (161ms)
4-9-2024 20:07:31 - debug: run build task Query asset bundle success in 161 ms√, progress: 21%
4-9-2024 20:07:31 - debug: [Build Memory track]: Query asset bundle start:203.14MB, end 205.83MB, increase: 2.69MB
4-9-2024 20:07:31 - debug: Query asset bundle start, progress: 21%
4-9-2024 20:07:31 - debug: // ---- build task Query asset bundle ----
4-9-2024 20:07:31 - debug: // ---- build task Query asset bundle ---- (52ms)
4-9-2024 20:07:31 - debug: run build task Query asset bundle success in 52 ms√, progress: 26%
4-9-2024 20:07:31 - debug: [Build Memory track]: Query asset bundle start:205.85MB, end 205.96MB, increase: 118.09KB
4-9-2024 20:07:31 - debug: native:(onAfterBundleDataTask) start..., progress: 26%
4-9-2024 20:07:31 - debug: // ---- build task native：onAfterBundleDataTask ----
4-9-2024 20:07:32 - debug: // ---- build task native：onAfterBundleDataTask ---- (54ms)
4-9-2024 20:07:32 - debug: native:(onAfterBundleDataTask) in 54 ms ✓, progress: 26%
4-9-2024 20:07:32 - debug: Build script start, progress: 26%
4-9-2024 20:07:32 - debug: // ---- build task Build script ----
4-9-2024 20:07:32 - debug: Caught exception during build core-js: WebpackOptionsValidationError: Invalid configuration object. Webpack has been initialised using a configuration object that does not match the API schema. - configuration.entry should be an non-empty array.   -> A non-empty array of non-empty stringsThis may indicates the core-js polyfill is not necessary. See https://github.com/zloirock/core-js/issues/822
4-9-2024 20:07:32 - debug: Generate systemJs..., progress: 26%
4-9-2024 20:07:34 - debug: Build project script start..., progress: 26%
4-9-2024 20:07:34 - debug: Build script in bundle start, progress: 26%
4-9-2024 20:07:34 - log: Run build task(build-script) in child, see: chrome://inspect/#devices
4-9-2024 20:07:35 - log: [build-script]enter sub process 8132, C:\ProgramData\cocos\editors\Creator\3.8.2\CocosCreator.exe,C:\ProgramData\cocos\editors\Creator\3.8.2\resources\app.asar\builtin\builder\static\sub-process-index
4-9-2024 20:07:37 - warn: [build-script][[Build.Script.Rollup]] Circular dependency: file:///C:/Users/DELL/NewProject_1/assets/Scripts/GameCtrl.ts -> file:///C:/Users/DELL/NewProject_1/assets/Scripts/Ground.ts -> file:///C:/Users/DELL/NewProject_1/assets/Scripts/GameCtrl.ts
4-9-2024 20:07:39 - debug: excute-script over with build-script 4194ms
4-9-2024 20:07:39 - debug: Copy externalScripts success!
4-9-2024 20:07:39 - debug: Build script in bundle success, progress: 26%
4-9-2024 20:07:39 - debug: Build project script in (4334 ms) √, progress: 26%
4-9-2024 20:07:39 - debug: Build engine start..., progress: 26%
4-9-2024 20:07:39 - debug: Use cache engine: {link(C:\Users\DELL\AppData\Local\Temp\CocosCreator\3.8.2\builder\engine\55bee53e3e1f487a6d6e9723ef0168d2)}
4-9-2024 20:07:39 - debug: {"debug":false,"sourceMaps":false,"includeModules":["2d","animation","audio","base","dragon-bones","intersection-2d","particle-2d","physics-2d-box2d","profiler","spine","tiled-map","tween","ui","video","webview"],"engineVersion":"3.8.2","md5Map":[],"engineName":"src/cocos-js","platform":"WINDOWS","useCache":true,"isNative":true,"output":"C:\\Users\\DELL\\NewProject_1\\build\\windows\\data\\src\\cocos-js","targets":"chrome 80","flags":{"DEBUG":false,"NET_MODE":0,"SERVER_MODE":false,"CULL_MESHOPT":true},"entry":"C:\\ProgramData\\cocos\\editors\\Creator\\3.8.2\\resources\\resources\\3d\\engine"}
4-9-2024 20:07:39 - debug: Build engine in (120 ms) √, progress: 26%
4-9-2024 20:07:39 - debug: Copy plugin script ..., progress: 26%
4-9-2024 20:07:39 - debug: Generate import-map..., progress: 26%
4-9-2024 20:07:39 - debug: // ---- build task Build script ---- (7265ms)
4-9-2024 20:07:39 - debug: run build task Build script success in 7 s√, progress: 31%
4-9-2024 20:07:39 - debug: [Build Memory track]: Build script start:206.20MB, end 250.87MB, increase: 44.67MB
4-9-2024 20:07:39 - debug: Build Assets start, progress: 31%
4-9-2024 20:07:39 - debug: // ---- build task Build Assets ----
4-9-2024 20:07:39 - debug: Build bundles..., progress: 31%
4-9-2024 20:07:39 - debug: Pack Images start, progress: 31%
4-9-2024 20:07:39 - debug: builder:pack-auto-atlas-image (66ms)
4-9-2024 20:07:39 - debug: Pack Images success, progress: 31%
4-9-2024 20:07:39 - debug: Compress image start..., progress: 31%
4-9-2024 20:07:39 - group: Compress image...
4-9-2024 20:07:39 - debug: sort compress task {}
4-9-2024 20:07:39 - debug: Num of all image compress task 0, really: 0, configTasks: 0
4-9-2024 20:07:39 - debug: No image need to compress
4-9-2024 20:07:39 - groupEnd: Compress image...
4-9-2024 20:07:39 - debug: Compress image success..., progress: 31%
4-9-2024 20:07:39 - debug: Ouput asset in bundles start, progress: 31%
4-9-2024 20:07:39 - debug: Handle all json groups in bundle internal
4-9-2024 20:07:39 - debug: handle json group
4-9-2024 20:07:39 - debug: Handle all json groups in bundle main
4-9-2024 20:07:39 - debug: handle json group
4-9-2024 20:07:39 - debug: Json group(0e6657450) compile success，json number: 6
4-9-2024 20:07:39 - debug: Json group(065e447e9) compile success，json number: 6
4-9-2024 20:07:39 - debug: Json group(0b3902731) compile success，json number: 6
4-9-2024 20:07:39 - debug: handle single json
4-9-2024 20:07:39 - debug: Json group(0ca60d3e4) compile success，json number: 6
4-9-2024 20:07:39 - debug: handle single json
4-9-2024 20:07:39 - debug: Output asset in bundles success, progress: 31%
4-9-2024 20:07:39 - debug: // ---- build task Build Assets ---- (217ms)
4-9-2024 20:07:39 - debug: run build task Build Assets success in 217 ms√, progress: 36%
4-9-2024 20:07:39 - debug: [Build Memory track]: Build Assets start:250.89MB, end 252.23MB, increase: 1.34MB
4-9-2024 20:07:39 - debug: Add md5 suffix to assets start, progress: 36%
4-9-2024 20:07:39 - debug: // ---- build task Add md5 suffix to assets ----
4-9-2024 20:07:39 - debug: // ---- build task Add md5 suffix to assets ---- (39ms)
4-9-2024 20:07:39 - debug: run build task Add md5 suffix to assets success in 39 ms√, progress: 41%
4-9-2024 20:07:39 - debug: [Build Memory track]: Add md5 suffix to assets start:252.32MB, end 252.43MB, increase: 115.46KB
4-9-2024 20:07:39 - debug: Query asset bundle start, progress: 41%
4-9-2024 20:07:39 - debug: // ---- build task Query asset bundle ----
4-9-2024 20:07:39 - debug: Output asset in bundles start, progress: 41%
4-9-2024 20:07:39 - debug: compress config of bundle internal...
4-9-2024 20:07:39 - debug: compress config of bundle internal success
4-9-2024 20:07:39 - debug: compress config of bundle main...
4-9-2024 20:07:39 - debug: compress config of bundle main success
4-9-2024 20:07:39 - debug: ouput config of bundle internal
4-9-2024 20:07:39 - debug: output config of bundle internal success
4-9-2024 20:07:39 - debug: ouput config of bundle main
4-9-2024 20:07:39 - debug: output config of bundle main success
4-9-2024 20:07:39 - debug: Output asset in bundles success, progress: 41%
4-9-2024 20:07:39 - debug: // ---- build task Query asset bundle ---- (85ms)
4-9-2024 20:07:39 - debug: run build task Query asset bundle success in 85 ms√, progress: 46%
4-9-2024 20:07:39 - debug: [Build Memory track]: Query asset bundle start:252.44MB, end 252.80MB, increase: 361.34KB
4-9-2024 20:07:39 - debug: Sort some build options to settings.json start, progress: 46%
4-9-2024 20:07:39 - debug: // ---- build task Sort some build options to settings.json ----
4-9-2024 20:07:39 - debug: // ---- build task Sort some build options to settings.json ---- (46ms)
4-9-2024 20:07:39 - debug: run build task Sort some build options to settings.json success in 46 ms√, progress: 47%
4-9-2024 20:07:39 - debug: [Build Memory track]: Sort some build options to settings.json start:252.81MB, end 252.92MB, increase: 113.56KB
4-9-2024 20:07:39 - debug: Fill script data to settings start, progress: 47%
4-9-2024 20:07:39 - debug: // ---- build task Fill script data to settings ----
4-9-2024 20:07:39 - debug: // ---- build task Fill script data to settings ---- (49ms)
4-9-2024 20:07:39 - debug: run build task Fill script data to settings success in 49 ms√, progress: 49%
4-9-2024 20:07:39 - debug: [Build Memory track]: Fill script data to settings start:252.94MB, end 253.05MB, increase: 114.68KB
4-9-2024 20:07:39 - debug: Sort some build options to settings.json start, progress: 49%
4-9-2024 20:07:39 - debug: // ---- build task Sort some build options to settings.json ----
4-9-2024 20:07:39 - debug: // ---- build task Sort some build options to settings.json ---- (49ms)
4-9-2024 20:07:39 - debug: run build task Sort some build options to settings.json success in 49 ms√, progress: 51%
4-9-2024 20:07:39 - debug: [Build Memory track]: Sort some build options to settings.json start:253.07MB, end 253.29MB, increase: 225.55KB
4-9-2024 20:07:39 - debug: cocos-service:(onBeforeCompressSettings) start..., progress: 51%
4-9-2024 20:07:39 - debug: // ---- build task cocos-service：onBeforeCompressSettings ----
4-9-2024 20:07:40 - debug: // ---- build task cocos-service：onBeforeCompressSettings ---- (310ms)
4-9-2024 20:07:40 - debug: cocos-service:(onBeforeCompressSettings) in 310 ms ✓, progress: 53%
4-9-2024 20:07:40 - debug: Save Settings.json start, progress: 53%
4-9-2024 20:07:40 - debug: // ---- build task Save Settings.json ----
4-9-2024 20:07:40 - debug: // ---- build task Save Settings.json ---- (45ms)
4-9-2024 20:07:40 - debug: run build task Save Settings.json success in 45 ms√, progress: 55%
4-9-2024 20:07:40 - debug: [Build Memory track]: Save Settings.json start:253.47MB, end 253.64MB, increase: 177.85KB
4-9-2024 20:07:40 - debug: Sort build template start, progress: 55%
4-9-2024 20:07:40 - debug: // ---- build task Sort build template ----
4-9-2024 20:07:40 - debug: // ---- build task Sort build template ---- (83ms)
4-9-2024 20:07:40 - debug: run build task Sort build template success in 83 ms√, progress: 58%
4-9-2024 20:07:40 - debug: [Build Memory track]: Sort build template start:253.66MB, end 247.61MB, increase: -6193.48KB
4-9-2024 20:07:40 - debug: native:(onAfterCompressSettings) start..., progress: 58%
4-9-2024 20:07:40 - debug: // ---- build task native：onAfterCompressSettings ----
4-9-2024 20:07:40 - log: Checking template version...
4-9-2024 20:07:40 - log: Validating template consistency...
4-9-2024 20:07:40 - log: Validating platform source code directories...
4-9-2024 20:07:40 - debug: generateCMakeConfig, {"CC_USE_GLES3":"set(CC_USE_GLES3 ON)","CC_USE_GLES2":"set(CC_USE_GLES2 ON)","USE_SERVER_MODE":"set(USE_SERVER_MODE OFF)","NET_MODE":"set(NET_MODE 0)","XXTEAKEY":"","CC_ENABLE_SWAPPY":"set(CC_ENABLE_SWAPPY OFF)","APP_NAME":"set(APP_NAME \"NewProject_1\")","COCOS_X_PATH":"set(COCOS_X_PATH \"C:/ProgramData/cocos/editors/Creator/3.8.2/resources/resources/3d/engine/native\")","USE_JOB_SYSTEM_TASKFLOW":"set(USE_JOB_SYSTEM_TASKFLOW OFF)","USE_JOB_SYSTEM_TBB":"set(USE_JOB_SYSTEM_TBB OFF)","ENABLE_FLOAT_OUTPUT":"set(ENABLE_FLOAT_OUTPUT OFF)","USE_PHYSICS_PHYSX":"set(USE_PHYSICS_PHYSX OFF)","USE_OCCLUSION_QUERY":"set(USE_OCCLUSION_QUERY OFF)","USE_GEOMETRY_RENDERER":"set(USE_GEOMETRY_RENDERER OFF)","USE_DEBUG_RENDERER":"set(USE_DEBUG_RENDERER OFF)","USE_AUDIO":"set(USE_AUDIO ON)","USE_VIDEO":"set(USE_VIDEO ON)","USE_WEBVIEW":"set(USE_WEBVIEW ON)","USE_SOCKET":"set(USE_SOCKET OFF)","USE_WEBSOCKET_SERVER":"set(USE_WEBSOCKET_SERVER OFF)","USE_SPINE":"set(USE_SPINE ON)","USE_DRAGONBONES":"set(USE_DRAGONBONES ON)","CC_EXECUTABLE_NAME":"set(CC_EXECUTABLE_NAME \"NewProject_1\")","CC_USE_VULKAN":"set(CC_USE_VULKAN OFF)"}
4-9-2024 20:07:40 - log: While replace template content, file C:\Users\DELL\NewProject_1\build\windows\proj\main.cpp
4-9-2024 20:07:40 - log: While replace template content, file C:\Users\DELL\NewProject_1\build\windows\proj\main.m
4-9-2024 20:07:40 - log: While replace template content, file C:\Users\DELL\NewProject_1\build\windows\proj\settings.gradle
4-9-2024 20:07:40 - log: While replace template content, file C:\Users\DELL\NewProject_1\native\engine\win64/app/build.gradle
4-9-2024 20:07:40 - log: While replace template content, file C:\Users\DELL\NewProject_1\native\engine\win64/instantapp/build.gradle
4-9-2024 20:07:40 - log: While replace template content, file C:\Users\DELL\NewProject_1\native\engine\win64/entry/src/main/config.json
4-9-2024 20:07:40 - debug: // ---- build task native：onAfterCompressSettings ---- (66ms)
4-9-2024 20:07:40 - debug: native:(onAfterCompressSettings) in 66 ms ✓, progress: 60%
4-9-2024 20:07:40 - debug: cocos-service:(onAfterCompressSettings) start..., progress: 60%
4-9-2024 20:07:40 - debug: // ---- build task cocos-service：onAfterCompressSettings ----
4-9-2024 20:07:40 - debug: // ---- build task cocos-service：onAfterCompressSettings ---- (318ms)
4-9-2024 20:07:40 - debug: cocos-service:(onAfterCompressSettings) in 318 ms ✓, progress: 62%
4-9-2024 20:07:40 - debug: native:(onAfterBuild) start..., progress: 62%
4-9-2024 20:07:40 - debug: // ---- build task native：onAfterBuild ----
4-9-2024 20:07:40 - log: run C:\ProgramData\cocos\editors\Creator\3.8.2\resources\tools\cmake\bin\cmake.exe -S"C:/Users/DELL/NewProject_1/native/engine/win64" -B"C:/Users/DELL/NewProject_1/build/windows/proj" -DRES_DIR="C:/Users/DELL/NewProject_1/build/windows" -DAPP_NAME="NewProject_1" -DLAUNCH_TYPE="Release"
4-9-2024 20:07:40 - error: [cmake-err] CMake Error at CMakeLists.txt:4 (project):  Running   'nmake' '-?'  failed with:   The system cannot find the file specifiedCMake Error: CMAKE_CXX_COMPILER not set, after EnableLanguage
4-9-2024 20:07:40 - log: [cmake] -- Configuring incomplete, errors occurred!See also "C:/Users/DELL/NewProject_1/build/windows/proj/CMakeFiles/CMakeOutput.log".
4-9-2024 20:07:40 - debug: Run build plugin native : onAfterBuild failed!, progress: 64%
4-9-2024 20:07:40 - debug: Error: run cmake failed "cmake -S"C:/Users/DELL/NewProject_1/native/engine/win64" -B"C:/Users/DELL/NewProject_1/build/windows/proj" -DRES_DIR="C:/Users/DELL/NewProject_1/build/windows" -DAPP_NAME="NewProject_1" -DLAUNCH_TYPE="Release"", code: 1, signal: null, progress: 67%
4-9-2024 20:07:40 - debug: [Build Memory track]: builder:build-project-total start:203.80MB, end 248.59MB, increase: 44.79MB
4-9-2024 20:07:40 - log: Asset DB is resume!
4-9-2024 20:07:40 - debug: builder:build-project-total (10242ms)
4-9-2024 20:07:40 - debug: build success in 10242!
4-9-2024 20:07:40 - error: Error: run cmake failed "cmake -S"C:/Users/DELL/NewProject_1/native/engine/win64" -B"C:/Users/DELL/NewProject_1/build/windows/proj" -DRES_DIR="C:/Users/DELL/NewProject_1/build/windows" -DAPP_NAME="NewProject_1" -DLAUNCH_TYPE="Release"", code: 1, signal: null    at ChildProcess.<anonymous> (C:\ProgramData\cocos\editors\Creator\3.8.2\resources\resources\3d\engine\scripts\native-pack-tool\source\utils.ts:484:28)    at ChildProcess.emit (events.js:315:20)    at maybeClose (internal/child_process.js:1048:16)    at Process.onexit (internal/child_process.js:288:5)
4-9-2024 20:07:40 - debug: ================================ build Task (windows) Finished in (10 s)ms ================================
